                    INFO     Trial 95 finished with value: 0.07377739250659943 and parameters: {'final_kl_weight': 0.034266759956006934, 'latent_dim':  
                             41, 'final_cap': 1.7000000000000002, 'start_gumbel_temp': 2.3735054169207537}. Best is trial 48 with value:                
                             0.07250290364027023.                                                                                                       
                    INFO     Starting trial 96                                                                                                          
[02/27/26 03:17:01] INFO     VAE training completed for trial 96 with loss 0.0899, recon_loss 0.0731, kl_loss 0.8512                                    
                    INFO     Trial 96 finished with value: 0.07310172915458679 and parameters: {'final_kl_weight': 0.0056593920434054625, 'latent_dim': 
                             42, 'final_cap': 1.7000000000000002, 'start_gumbel_temp': 2.264182483749947}. Best is trial 48 with value:                 
                             0.07250290364027023.                                                                                                       
                    INFO     Starting trial 97                                                                                                          
[02/27/26 03:18:22] INFO     VAE training completed for trial 97 with loss 0.0892, recon_loss 0.0725, kl_loss 0.5048                                    
                    INFO     Trial 97 finished with value: 0.07251357287168503 and parameters: {'final_kl_weight': 0.006200742126334707, 'latent_dim':  
                             40, 'final_cap': 1.9, 'start_gumbel_temp': 2.3519115003377125}. Best is trial 48 with value: 0.07250290364027023.          
                    INFO     Starting trial 98                                                                                                          
[02/27/26 03:19:43] INFO     VAE training completed for trial 98 with loss 0.0897, recon_loss 0.0730, kl_loss 0.7510                                    
                    INFO     Trial 98 finished with value: 0.07299643009901047 and parameters: {'final_kl_weight': 0.006248375933832043, 'latent_dim':  
                             40, 'final_cap': 1.9, 'start_gumbel_temp': 2.3402826685724367}. Best is trial 48 with value: 0.07250290364027023.          
                    INFO     Starting trial 99                                                                                                          
[02/27/26 03:21:05] INFO     VAE training completed for trial 99 with loss 0.0902, recon_loss 0.0731, kl_loss 0.6567                                    
                    INFO     Trial 99 finished with value: 0.07305827736854553 and parameters: {'final_kl_weight': 0.006781678561597176, 'latent_dim':  
                             40, 'final_cap': 1.9, 'start_gumbel_temp': 2.4151322472478243}. Best is trial 48 with value: 0.07250290364027023.          
                    INFO     Study done with 100 trials: 0 pruned, 100 complete.                                                                        
                    INFO     Best trial #48: value=0.0725, params={'final_kl_weight': 0.006292485997461441, 'latent_dim': 45, 'final_cap':              
                             1.7000000000000002, 'start_gumbel_temp': 2.245994170989573}                                                                
