[02/27/26 01:03:39] INFO     Loading dataset from dataset/S1...                 
[02/27/26 01:04:35] INFO     Dataset loaded with 2856 training samples          
[02/27/26 01:04:48] INFO     A new study created in memory with name: a4_w75_tw450_b144_s35                                                             
[Gloo] Rank 0 is connected to 2 peer ranks. Expected number of connected peer ranks is : 2
[Gloo] Rank 1 is connected to 2 peer ranks. Expected number of connected peer ranks is : 2
[Gloo] Rank 2 is connected to 2 peer ranks. Expected number of connected peer ranks is : 2
                    INFO     Starting trial 0                                                                                                           
[02/27/26 01:06:11] INFO     VAE training completed for trial 0 with loss 0.0910, recon_loss 0.0740, kl_loss 0.6413                                     
                    INFO     Trial 0 finished with value: 0.07403714954853058 and parameters: {'final_kl_weight': 0.01184431975182039, 'latent_dim': 50,
                             'final_cap': 1.5, 'start_gumbel_temp': 2.5986584841970366}. Best is trial 0 with value: 0.07403714954853058.               
                    INFO     Starting trial 1                                                                                                           
[02/27/26 01:07:32] INFO     VAE training completed for trial 1 with loss 0.0901, recon_loss 0.0733, kl_loss 0.7047                                     
                    INFO     Trial 1 finished with value: 0.07327602058649063 and parameters: {'final_kl_weight': 0.007161246859115127, 'latent_dim':   
                             41, 'final_cap': 0.5, 'start_gumbel_temp': 2.866176145774935}. Best is trial 1 with value: 0.07327602058649063.            
                    INFO     Starting trial 2                                                                                                           
[02/27/26 01:08:53] INFO     VAE training completed for trial 2 with loss 0.0909, recon_loss 0.0742, kl_loss 0.4405                                     
                    INFO     Trial 2 finished with value: 0.07424122840166092 and parameters: {'final_kl_weight': 0.019956529392808398, 'latent_dim':   
                             47, 'final_cap': 0.5, 'start_gumbel_temp': 2.969909852161994}. Best is trial 1 with value: 0.07327602058649063.            
                    INFO     Starting trial 3                                                                                                           
[02/27/26 01:10:15] INFO     VAE training completed for trial 3 with loss 0.0909, recon_loss 0.0742, kl_loss 0.6345                                     
                    INFO     Trial 3 finished with value: 0.07420047372579575 and parameters: {'final_kl_weight': 0.033994812107955644, 'latent_dim':   
                             42, 'final_cap': 0.7, 'start_gumbel_temp': 2.1834045098534336}. Best is trial 1 with value: 0.07327602058649063.           
[02/27/26 01:10:16] INFO     Starting trial 4                                                                                                           
[02/27/26 01:11:38] INFO     VAE training completed for trial 4 with loss 0.0901, recon_loss 0.0734, kl_loss 0.9397                                     
                    INFO     Trial 4 finished with value: 0.07335001230239868 and parameters: {'final_kl_weight': 0.010074238942079334, 'latent_dim':   
                             45, 'final_cap': 1.1, 'start_gumbel_temp': 2.291229140198042}. Best is trial 1 with value: 0.07327602058649063.            
[02/27/26 01:11:39] INFO     Starting trial 5                                                                                                           
[02/27/26 01:13:02] INFO     VAE training completed for trial 5 with loss 0.0911, recon_loss 0.0743, kl_loss 0.7348                                     
                    INFO     Trial 5 finished with value: 0.07433344423770905 and parameters: {'final_kl_weight': 0.020456102872218926, 'latent_dim':   
                             41, 'final_cap': 0.9, 'start_gumbel_temp': 2.3663618432936917}. Best is trial 1 with value: 0.07327602058649063.           
                    INFO     Starting trial 6                                                                                                           
[02/27/26 01:14:24] INFO     VAE training completed for trial 6 with loss 0.0905, recon_loss 0.0738, kl_loss 0.4497                                     
[02/27/26 01:14:25] INFO     Trial 6 finished with value: 0.0738271027803421 and parameters: {'final_kl_weight': 0.014290255329034685, 'latent_dim': 48,
                             'final_cap': 0.7, 'start_gumbel_temp': 2.5142344384136117}. Best is trial 1 with value: 0.07327602058649063.               
                    INFO     Starting trial 7                                                                                                           
[02/27/26 01:15:46] INFO     VAE training completed for trial 7 with loss 0.0902, recon_loss 0.0735, kl_loss 0.8863                                     
[02/27/26 01:15:47] INFO     Trial 7 finished with value: 0.07354190200567245 and parameters: {'final_kl_weight': 0.019560708142748476, 'latent_dim':   
                             40, 'final_cap': 1.3, 'start_gumbel_temp': 2.1705241236872914}. Best is trial 1 with value: 0.07327602058649063.           
                    INFO     Starting trial 8                                                                                                           
[02/27/26 01:17:09] INFO     VAE training completed for trial 8 with loss 0.0902, recon_loss 0.0734, kl_loss 0.8047                                     
                    INFO     Trial 8 finished with value: 0.07341710478067398 and parameters: {'final_kl_weight': 0.005807932994623226, 'latent_dim':   
                             50, 'final_cap': 1.9, 'start_gumbel_temp': 2.8083973481164612}. Best is trial 1 with value: 0.07327602058649063.           
                    INFO     Starting trial 9                                                                                                           
[02/27/26 01:18:31] INFO     VAE training completed for trial 9 with loss 0.0894, recon_loss 0.0727, kl_loss 0.8724                                     
[02/27/26 01:18:32] INFO     Trial 9 finished with value: 0.07270226627588272 and parameters: {'final_kl_weight': 0.0100828608459043, 'latent_dim': 41, 
                             'final_cap': 1.5, 'start_gumbel_temp': 2.4401524937396015}. Best is trial 9 with value: 0.07270226627588272.               
                    INFO     Starting trial 10                                                                                                          
[02/27/26 01:19:54] INFO     VAE training completed for trial 10 with loss 0.0909, recon_loss 0.0742, kl_loss 1.3036                                    
                    INFO     Trial 10 finished with value: 0.07417269796133041 and parameters: {'final_kl_weight': 0.044066296123673326, 'latent_dim':  
                             44, 'final_cap': 1.9, 'start_gumbel_temp': 2.0179618756148194}. Best is trial 9 with value: 0.07270226627588272.           
                    INFO     Starting trial 11                                                                                                          
[02/27/26 01:21:16] INFO     VAE training completed for trial 11 with loss 0.0896, recon_loss 0.0729, kl_loss 0.9207                                    
                    INFO     Trial 11 finished with value: 0.07286848872900009 and parameters: {'final_kl_weight': 0.006615308670978365, 'latent_dim':  
                             43, 'final_cap': 1.5, 'start_gumbel_temp': 2.6891090388809067}. Best is trial 9 with value: 0.07270226627588272.           
                    INFO     Starting trial 12                                                                                                          
[02/27/26 01:22:38] INFO     VAE training completed for trial 12 with loss 0.0908, recon_loss 0.0740, kl_loss 0.7611                                    
                    INFO     Trial 12 finished with value: 0.0740271657705307 and parameters: {'final_kl_weight': 0.007901327967216232, 'latent_dim':   
                             43, 'final_cap': 1.5, 'start_gumbel_temp': 2.6971558983400943}. Best is trial 9 with value: 0.07270226627588272.           
[02/27/26 01:22:39] INFO     Starting trial 13                                                                                                          
[02/27/26 01:24:02] INFO     VAE training completed for trial 13 with loss 0.0892, recon_loss 0.0726, kl_loss 0.5278                                    
                    INFO     Trial 13 finished with value: 0.07264940440654755 and parameters: {'final_kl_weight': 0.005502072259373537, 'latent_dim':  
                             43, 'final_cap': 1.5, 'start_gumbel_temp': 2.416715103869677}. Best is trial 13 with value: 0.07264940440654755.           
                    INFO     Starting trial 14                                                                                                          
[02/27/26 01:25:25] INFO     VAE training completed for trial 14 with loss 0.0895, recon_loss 0.0727, kl_loss 0.7962                                    
                    INFO     Trial 14 finished with value: 0.07269392162561417 and parameters: {'final_kl_weight': 0.005229920261340088, 'latent_dim':  
                             40, 'final_cap': 1.7000000000000002, 'start_gumbel_temp': 2.40004105979641}. Best is trial 13 with value:                  
                             0.07264940440654755.                                                                                                       
                    INFO     Starting trial 15                                                                                                          
[02/27/26 01:26:47] INFO     VAE training completed for trial 15 with loss 0.0894, recon_loss 0.0727, kl_loss 0.6737                                    
                    INFO     Trial 15 finished with value: 0.07272041589021683 and parameters: {'final_kl_weight': 0.0057650666044566055, 'latent_dim': 
                             45, 'final_cap': 1.7000000000000002, 'start_gumbel_temp': 2.2802385898319972}. Best is trial 13 with value:                
                             0.07264940440654755.                                                                                                       
[02/27/26 01:26:48] INFO     Starting trial 16                                                                                                          
[02/27/26 01:28:10] INFO     VAE training completed for trial 16 with loss 0.0898, recon_loss 0.0730, kl_loss 1.0454                                    
                    INFO     Trial 16 finished with value: 0.07298048585653305 and parameters: {'final_kl_weight': 0.005178605883279787, 'latent_dim':  
                             40, 'final_cap': 1.7000000000000002, 'start_gumbel_temp': 2.4982681567817}. Best is trial 13 with value:                   
                             0.07264940440654755.                                                                                                       
                    INFO     Starting trial 17                                                                                                          
[02/27/26 01:29:32] INFO     VAE training completed for trial 17 with loss 0.0898, recon_loss 0.0731, kl_loss 1.5498                                    
                    INFO     Trial 17 finished with value: 0.07308123260736465 and parameters: {'final_kl_weight': 0.008766878045448616, 'latent_dim':  
                             43, 'final_cap': 1.3, 'start_gumbel_temp': 2.0152203367770625}. Best is trial 13 with value: 0.07264940440654755.          
[02/27/26 01:29:33] INFO     Starting trial 18                                                                                                          
[02/27/26 01:30:54] INFO     VAE training completed for trial 18 with loss 0.0894, recon_loss 0.0725, kl_loss 0.8870                                    
                    INFO     Trial 18 finished with value: 0.07254613935947418 and parameters: {'final_kl_weight': 0.005302974016230136, 'latent_dim':  
                             47, 'final_cap': 1.7000000000000002, 'start_gumbel_temp': 2.379093316140067}. Best is trial 18 with value:                 
                             0.07254613935947418.                                                                                                       
                    INFO     Starting trial 19                                                                                                          
[02/27/26 01:32:16] INFO     VAE training completed for trial 19 with loss 0.0900, recon_loss 0.0733, kl_loss 0.5830                                    
                    INFO     Trial 19 finished with value: 0.07328639924526215 and parameters: {'final_kl_weight': 0.026841379588859734, 'latent_dim':  
                             48, 'final_cap': 1.1, 'start_gumbel_temp': 2.5972821933555754}. Best is trial 18 with value: 0.07254613935947418.          
                    INFO     Starting trial 20                                                                                                          
[02/27/26 01:33:38] INFO     VAE training completed for trial 20 with loss 0.0900, recon_loss 0.0731, kl_loss 0.6587                                    
[02/27/26 01:33:39] INFO     Trial 20 finished with value: 0.07312412559986115 and parameters: {'final_kl_weight': 0.012953409762615513, 'latent_dim':  
                             46, 'final_cap': 1.9, 'start_gumbel_temp': 2.1655562813853777}. Best is trial 18 with value: 0.07254613935947418.          
                    INFO     Starting trial 21                                                                                                          
[02/27/26 01:35:01] INFO     VAE training completed for trial 21 with loss 0.0894, recon_loss 0.0727, kl_loss 1.0167                                    
                    INFO     Trial 21 finished with value: 0.07271482795476913 and parameters: {'final_kl_weight': 0.005473367985368236, 'latent_dim':  
                             47, 'final_cap': 1.7000000000000002, 'start_gumbel_temp': 2.3773940326632954}. Best is trial 18 with value:                
                             0.07254613935947418.                                                                                                       
                    INFO     Starting trial 22                                                                                                          
[02/27/26 01:36:23] INFO     VAE training completed for trial 22 with loss 0.0897, recon_loss 0.0728, kl_loss 0.5937                                    
                    INFO     Trial 22 finished with value: 0.07280396670103073 and parameters: {'final_kl_weight': 0.006720601320511137, 'latent_dim':  
                             46, 'final_cap': 1.7000000000000002, 'start_gumbel_temp': 2.2961020792877718}. Best is trial 18 with value:                
                             0.07254613935947418.                                                                                                       
                    INFO     Starting trial 23                                                                                                          
[02/27/26 01:37:45] INFO     VAE training completed for trial 23 with loss 0.0903, recon_loss 0.0731, kl_loss 0.6419                                    
                    INFO     Trial 23 finished with value: 0.07309320569038391 and parameters: {'final_kl_weight': 0.005061314379260729, 'latent_dim':  
                             44, 'final_cap': 1.3, 'start_gumbel_temp': 2.4131721414592495}. Best is trial 18 with value: 0.07254613935947418.          
[02/27/26 01:37:46] INFO     Starting trial 24                                                                                                          
[02/27/26 01:39:08] INFO     VAE training completed for trial 24 with loss 0.0911, recon_loss 0.0741, kl_loss 0.6200                                    
                    INFO     Trial 24 finished with value: 0.0741015300154686 and parameters: {'final_kl_weight': 0.008980455632612043, 'latent_dim':   
                             42, 'final_cap': 1.7000000000000002, 'start_gumbel_temp': 2.5160286386845208}. Best is trial 18 with value:                
                             0.07254613935947418.                                                                                                       
                    INFO     Starting trial 25                                                                                                          
[02/27/26 01:40:31] INFO     VAE training completed for trial 25 with loss 0.0901, recon_loss 0.0733, kl_loss 0.9596                                    
                    INFO     Trial 25 finished with value: 0.07332751154899597 and parameters: {'final_kl_weight': 0.0068270814613682635, 'latent_dim': 
                             49, 'final_cap': 1.5, 'start_gumbel_temp': 2.2579729174566188}. Best is trial 18 with value: 0.07254613935947418.          
                    INFO     Starting trial 26                                                                                                          
[02/27/26 01:41:52] INFO     VAE training completed for trial 26 with loss 0.0898, recon_loss 0.0727, kl_loss 0.5689                                    
                    INFO     Trial 26 finished with value: 0.07274145632982254 and parameters: {'final_kl_weight': 0.007766781715141869, 'latent_dim':  
                             45, 'final_cap': 1.9, 'start_gumbel_temp': 2.6264789135516162}. Best is trial 18 with value: 0.07254613935947418.          
                    INFO     Starting trial 27                                                                                                          
[02/27/26 01:43:14] INFO     VAE training completed for trial 27 with loss 0.0895, recon_loss 0.0728, kl_loss 0.8216                                    
                    INFO     Trial 27 finished with value: 0.07284688949584961 and parameters: {'final_kl_weight': 0.00632610795895286, 'latent_dim':   
                             42, 'final_cap': 1.7000000000000002, 'start_gumbel_temp': 2.461072920011811}. Best is trial 18 with value:                 
                             0.07254613935947418.                                                                                                       
                    INFO     Starting trial 28                                                                                                          
[02/27/26 01:44:37] INFO     VAE training completed for trial 28 with loss 0.0911, recon_loss 0.0744, kl_loss 0.8047                                    
                    INFO     Trial 28 finished with value: 0.07439902424812317 and parameters: {'final_kl_weight': 0.010738628186170092, 'latent_dim':  
                             46, 'final_cap': 1.3, 'start_gumbel_temp': 2.356703969708071}. Best is trial 18 with value: 0.07254613935947418.           
                    INFO     Starting trial 29                                                                                                          
[02/27/26 01:45:58] INFO     VAE training completed for trial 29 with loss 0.0898, recon_loss 0.0728, kl_loss 0.8268                                    
                    INFO     Trial 29 finished with value: 0.07284119725227356 and parameters: {'final_kl_weight': 0.00506015362336017, 'latent_dim':   
                             49, 'final_cap': 1.5, 'start_gumbel_temp': 2.576854780122964}. Best is trial 18 with value: 0.07254613935947418.           
[02/27/26 01:45:59] INFO     Starting trial 30                                                                                                          
[02/27/26 01:47:20] INFO     VAE training completed for trial 30 with loss 0.0901, recon_loss 0.0732, kl_loss 0.7520                                    
                    INFO     Trial 30 finished with value: 0.07319515943527222 and parameters: {'final_kl_weight': 0.008459334822081886, 'latent_dim':  
                             44, 'final_cap': 1.9, 'start_gumbel_temp': 2.0926213858292093}. Best is trial 18 with value: 0.07254613935947418.          
[02/27/26 01:47:21] INFO     Starting trial 31                                                                                                          
[02/27/26 01:48:43] INFO     VAE training completed for trial 31 with loss 0.0905, recon_loss 0.0737, kl_loss 1.3141                                    
                    INFO     Trial 31 finished with value: 0.07366017997264862 and parameters: {'final_kl_weight': 0.010000011459081148, 'latent_dim':  
                             41, 'final_cap': 1.5, 'start_gumbel_temp': 2.4374891874649913}. Best is trial 18 with value: 0.07254613935947418.          
                    INFO     Starting trial 32                                                                                                          
[02/27/26 01:50:04] INFO     VAE training completed for trial 32 with loss 0.0904, recon_loss 0.0738, kl_loss 0.6436                                    
