                    INFO     Trial 64 finished with value: 0.07333596795797348 and parameters: {'final_kl_weight': 0.0050953733924579605, 'latent_dim': 
                             45, 'final_cap': 1.5, 'start_gumbel_temp': 2.1111045400564477}. Best is trial 48 with value: 0.07250290364027023.          
                    INFO     Starting trial 65                                                                                                          
[02/27/26 02:35:01] INFO     VAE training completed for trial 65 with loss 0.0913, recon_loss 0.0742, kl_loss 0.8380                                    
                    INFO     Trial 65 finished with value: 0.07419423758983612 and parameters: {'final_kl_weight': 0.006711242089555922, 'latent_dim':  
                             43, 'final_cap': 1.9, 'start_gumbel_temp': 2.409064637196667}. Best is trial 48 with value: 0.07250290364027023.           
[02/27/26 02:35:02] INFO     Starting trial 66                                                                                                          
[02/27/26 02:36:23] INFO     VAE training completed for trial 66 with loss 0.0895, recon_loss 0.0728, kl_loss 1.1620                                    
                    INFO     Trial 66 finished with value: 0.07279576361179352 and parameters: {'final_kl_weight': 0.005955635883906941, 'latent_dim':  
                             44, 'final_cap': 1.7000000000000002, 'start_gumbel_temp': 2.18325920166131}. Best is trial 48 with value:                  
                             0.07250290364027023.                                                                                                       
                    INFO     Starting trial 67                                                                                                          
[02/27/26 02:37:45] INFO     VAE training completed for trial 67 with loss 0.0901, recon_loss 0.0733, kl_loss 1.0299                                    
                    INFO     Trial 67 finished with value: 0.07325509190559387 and parameters: {'final_kl_weight': 0.008280146447882965, 'latent_dim':  
                             45, 'final_cap': 1.5, 'start_gumbel_temp': 2.234396231923649}. Best is trial 48 with value: 0.07250290364027023.           
                    INFO     Starting trial 68                                                                                                          
[02/27/26 02:39:06] INFO     VAE training completed for trial 68 with loss 0.0904, recon_loss 0.0738, kl_loss 0.6758                                    
                    INFO     Trial 68 finished with value: 0.0738225132226944 and parameters: {'final_kl_weight': 0.00933031110459263, 'latent_dim': 43,
                             'final_cap': 1.7000000000000002, 'start_gumbel_temp': 2.3628129425205326}. Best is trial 48 with value:                    
                             0.07250290364027023.                                                                                                       
                    INFO     Starting trial 69                                                                                                          
[02/27/26 02:40:26] INFO     VAE training completed for trial 69 with loss 0.0899, recon_loss 0.0730, kl_loss 0.9374                                    
                    INFO     Trial 69 finished with value: 0.07302801311016083 and parameters: {'final_kl_weight': 0.0054733474489632485, 'latent_dim': 
                             40, 'final_cap': 0.9, 'start_gumbel_temp': 2.057221053557878}. Best is trial 48 with value: 0.07250290364027023.           
                    INFO     Starting trial 70                                                                                                          
[02/27/26 02:41:47] INFO     VAE training completed for trial 70 with loss 0.0901, recon_loss 0.0732, kl_loss 1.4551                                    
                    INFO     Trial 70 finished with value: 0.07323598116636276 and parameters: {'final_kl_weight': 0.005006375785166835, 'latent_dim':  
                             42, 'final_cap': 1.1, 'start_gumbel_temp': 2.3012232165482382}. Best is trial 48 with value: 0.07250290364027023.          
                    INFO     Starting trial 71                                                                                                          
[02/27/26 02:43:08] INFO     VAE training completed for trial 71 with loss 0.0909, recon_loss 0.0742, kl_loss 0.5670                                    
                    INFO     Trial 71 finished with value: 0.07423324137926102 and parameters: {'final_kl_weight': 0.006106688029627211, 'latent_dim':  
                             45, 'final_cap': 1.7000000000000002, 'start_gumbel_temp': 2.2618766283642233}. Best is trial 48 with value:                
                             0.07250290364027023.                                                                                                       
                    INFO     Starting trial 72                                                                                                          
[02/27/26 02:44:29] INFO     VAE training completed for trial 72 with loss 0.0901, recon_loss 0.0729, kl_loss 1.3358                                    
                    INFO     Trial 72 finished with value: 0.07291827350854874 and parameters: {'final_kl_weight': 0.006837878353591647, 'latent_dim':  
                             44, 'final_cap': 1.7000000000000002, 'start_gumbel_temp': 2.1527640188089547}. Best is trial 48 with value:                
                             0.07250290364027023.                                                                                                       
[02/27/26 02:44:30] INFO     Starting trial 73                                                                                                          
[02/27/26 02:45:51] INFO     VAE training completed for trial 73 with loss 0.0901, recon_loss 0.0734, kl_loss 0.6104                                    
                    INFO     Trial 73 finished with value: 0.07342257350683212 and parameters: {'final_kl_weight': 0.0056621475184673205, 'latent_dim': 
                             45, 'final_cap': 1.9, 'start_gumbel_temp': 2.318454493802404}. Best is trial 48 with value: 0.07250290364027023.           
                    INFO     Starting trial 74                                                                                                          
[02/27/26 02:47:12] INFO     VAE training completed for trial 74 with loss 0.0902, recon_loss 0.0734, kl_loss 0.8092                                    
                    INFO     Trial 74 finished with value: 0.073447085916996 and parameters: {'final_kl_weight': 0.007260302346649848, 'latent_dim': 46,
                             'final_cap': 1.5, 'start_gumbel_temp': 2.466888099725305}. Best is trial 48 with value: 0.07250290364027023.               
                    INFO     Starting trial 75                                                                                                          
[02/27/26 02:48:33] INFO     VAE training completed for trial 75 with loss 0.0895, recon_loss 0.0727, kl_loss 0.8056                                    
                    INFO     Trial 75 finished with value: 0.0727490782737732 and parameters: {'final_kl_weight': 0.005271288649513634, 'latent_dim':   
                             44, 'final_cap': 1.7000000000000002, 'start_gumbel_temp': 2.3442404589551473}. Best is trial 48 with value:                
                             0.07250290364027023.                                                                                                       
[02/27/26 02:48:34] INFO     Starting trial 76                                                                                                          
[02/27/26 02:49:55] INFO     VAE training completed for trial 76 with loss 0.0900, recon_loss 0.0730, kl_loss 0.4860                                    
                    INFO     Trial 76 finished with value: 0.07295321673154831 and parameters: {'final_kl_weight': 0.006506047705012158, 'latent_dim':  
                             47, 'final_cap': 1.7000000000000002, 'start_gumbel_temp': 2.4217548918706004}. Best is trial 48 with value:                
                             0.07250290364027023.                                                                                                       
                    INFO     Starting trial 77                                                                                                          
[02/27/26 02:51:16] INFO     VAE training completed for trial 77 with loss 0.0915, recon_loss 0.0745, kl_loss 0.8089                                    
                    INFO     Trial 77 finished with value: 0.0744812935590744 and parameters: {'final_kl_weight': 0.017642800586537978, 'latent_dim':   
                             45, 'final_cap': 1.9, 'start_gumbel_temp': 2.393276863541248}. Best is trial 48 with value: 0.07250290364027023.           
                    INFO     Starting trial 78                                                                                                          
[02/27/26 02:52:37] INFO     VAE training completed for trial 78 with loss 0.0897, recon_loss 0.0729, kl_loss 0.7526                                    
                    INFO     Trial 78 finished with value: 0.07290399074554443 and parameters: {'final_kl_weight': 0.005834139749150594, 'latent_dim':  
                             41, 'final_cap': 1.5, 'start_gumbel_temp': 2.2096339217899277}. Best is trial 48 with value: 0.07250290364027023.          
                    INFO     Starting trial 79                                                                                                          
[02/27/26 02:53:57] INFO     VAE training completed for trial 79 with loss 0.0916, recon_loss 0.0743, kl_loss 0.5367                                    
                    INFO     Trial 79 finished with value: 0.07434497028589249 and parameters: {'final_kl_weight': 0.010882795398929298, 'latent_dim':  
                             46, 'final_cap': 1.5, 'start_gumbel_temp': 2.529313716169063}. Best is trial 48 with value: 0.07250290364027023.           
[02/27/26 02:53:58] INFO     Starting trial 80                                                                                                          
[02/27/26 02:55:18] INFO     VAE training completed for trial 80 with loss 0.0892, recon_loss 0.0725, kl_loss 0.6668                                    
                    INFO     Trial 80 finished with value: 0.07254285365343094 and parameters: {'final_kl_weight': 0.005409417347138101, 'latent_dim':  
                             43, 'final_cap': 1.7000000000000002, 'start_gumbel_temp': 2.3748287913596773}. Best is trial 48 with value:                
                             0.07250290364027023.                                                                                                       
[02/27/26 02:55:19] INFO     Starting trial 81                                                                                                          
[02/27/26 02:56:40] INFO     VAE training completed for trial 81 with loss 0.0899, recon_loss 0.0729, kl_loss 0.7579                                    
                    INFO     Trial 81 finished with value: 0.07294373959302902 and parameters: {'final_kl_weight': 0.0054208103213671845, 'latent_dim': 
                             43, 'final_cap': 1.7000000000000002, 'start_gumbel_temp': 2.492888628827995}. Best is trial 48 with value:                 
                             0.07250290364027023.                                                                                                       
                    INFO     Starting trial 82                                                                                                          
[02/27/26 02:58:01] INFO     VAE training completed for trial 82 with loss 0.0897, recon_loss 0.0727, kl_loss 0.6204                                    
                    INFO     Trial 82 finished with value: 0.07265080511569977 and parameters: {'final_kl_weight': 0.0061761690266451666, 'latent_dim': 
                             47, 'final_cap': 1.7000000000000002, 'start_gumbel_temp': 2.374344308187515}. Best is trial 48 with value:                 
                             0.07250290364027023.                                                                                                       
                    INFO     Starting trial 83                                                                                                          
[02/27/26 02:59:22] INFO     VAE training completed for trial 83 with loss 0.0897, recon_loss 0.0730, kl_loss 0.7185                                    
                    INFO     Trial 83 finished with value: 0.07298470288515091 and parameters: {'final_kl_weight': 0.006099183085366925, 'latent_dim':  
                             47, 'final_cap': 1.7000000000000002, 'start_gumbel_temp': 2.371847078027078}. Best is trial 48 with value:                 
                             0.07250290364027023.                                                                                                       
[02/27/26 02:59:23] INFO     Starting trial 84                                                                                                          
[02/27/26 03:00:44] INFO     VAE training completed for trial 84 with loss 0.0908, recon_loss 0.0739, kl_loss 0.7181                                    
                    INFO     Trial 84 finished with value: 0.07391893863677979 and parameters: {'final_kl_weight': 0.007568398735341137, 'latent_dim':  
                             48, 'final_cap': 1.7000000000000002, 'start_gumbel_temp': 2.4628771699790972}. Best is trial 48 with value:                
                             0.07250290364027023.                                                                                                       
                    INFO     Starting trial 85                                                                                                          
[02/27/26 03:02:05] INFO     VAE training completed for trial 85 with loss 0.0893, recon_loss 0.0727, kl_loss 0.7488                                    
                    INFO     Trial 85 finished with value: 0.0727461501955986 and parameters: {'final_kl_weight': 0.005628439680969268, 'latent_dim':   
                             43, 'final_cap': 1.9, 'start_gumbel_temp': 2.444825829181293}. Best is trial 48 with value: 0.07250290364027023.           
                    INFO     Starting trial 86                                                                                                          
[02/27/26 03:03:27] INFO     VAE training completed for trial 86 with loss 0.0906, recon_loss 0.0733, kl_loss 0.5739                                    
                    INFO     Trial 86 finished with value: 0.07330216467380524 and parameters: {'final_kl_weight': 0.006415625254023286, 'latent_dim':  
                             47, 'final_cap': 1.5, 'start_gumbel_temp': 2.4095456114008598}. Best is trial 48 with value: 0.07250290364027023.          
                    INFO     Starting trial 87                                                                                                          
[02/27/26 03:04:48] INFO     VAE training completed for trial 87 with loss 0.0894, recon_loss 0.0726, kl_loss 0.6459                                    
                    INFO     Trial 87 finished with value: 0.0726265162229538 and parameters: {'final_kl_weight': 0.0050025985741727, 'latent_dim': 41, 
                             'final_cap': 1.7000000000000002, 'start_gumbel_temp': 2.3507827283495293}. Best is trial 48 with value:                    
                             0.07250290364027023.                                                                                                       
[02/27/26 03:04:49] INFO     Starting trial 88                                                                                                          
[02/27/26 03:06:09] INFO     VAE training completed for trial 88 with loss 0.0902, recon_loss 0.0735, kl_loss 0.5973                                    
                    INFO     Trial 88 finished with value: 0.07348071038722992 and parameters: {'final_kl_weight': 0.005229749048275875, 'latent_dim':  
                             41, 'final_cap': 1.7000000000000002, 'start_gumbel_temp': 2.3490496140971877}. Best is trial 48 with value:                
                             0.07250290364027023.                                                                                                       
                    INFO     Starting trial 89                                                                                                          
[02/27/26 03:07:31] INFO     VAE training completed for trial 89 with loss 0.0896, recon_loss 0.0728, kl_loss 0.7284                                    
                    INFO     Trial 89 finished with value: 0.0728452131152153 and parameters: {'final_kl_weight': 0.0059775336421986755, 'latent_dim':  
                             42, 'final_cap': 1.9, 'start_gumbel_temp': 2.301589423694702}. Best is trial 48 with value: 0.07250290364027023.           
                    INFO     Starting trial 90                                                                                                          
[02/27/26 03:08:53] INFO     VAE training completed for trial 90 with loss 0.0913, recon_loss 0.0746, kl_loss 0.9707                                    
                    INFO     Trial 90 finished with value: 0.07456542551517487 and parameters: {'final_kl_weight': 0.012552258065450203, 'latent_dim':  
                             40, 'final_cap': 1.7000000000000002, 'start_gumbel_temp': 2.434521055367547}. Best is trial 48 with value:                 
                             0.07250290364027023.                                                                                                       
                    INFO     Starting trial 91                                                                                                          
[02/27/26 03:10:14] INFO     VAE training completed for trial 91 with loss 0.0893, recon_loss 0.0725, kl_loss 1.1131                                    
                    INFO     Trial 91 finished with value: 0.07253017276525497 and parameters: {'final_kl_weight': 0.005046613838842201, 'latent_dim':  
                             41, 'final_cap': 1.7000000000000002, 'start_gumbel_temp': 2.377468870819918}. Best is trial 48 with value:                 
                             0.07250290364027023.                                                                                                       
                    INFO     Starting trial 92                                                                                                          
[02/27/26 03:11:35] INFO     VAE training completed for trial 92 with loss 0.0893, recon_loss 0.0726, kl_loss 0.6465                                    
                    INFO     Trial 92 finished with value: 0.07262329757213593 and parameters: {'final_kl_weight': 0.0053165038115901815, 'latent_dim': 
                             41, 'final_cap': 1.7000000000000002, 'start_gumbel_temp': 2.388648422617219}. Best is trial 48 with value:                 
                             0.07250290364027023.                                                                                                       
[02/27/26 03:11:36] INFO     Starting trial 93                                                                                                          
[02/27/26 03:12:57] INFO     VAE training completed for trial 93 with loss 0.0895, recon_loss 0.0729, kl_loss 1.0864                                    
                    INFO     Trial 93 finished with value: 0.07291386276483536 and parameters: {'final_kl_weight': 0.0050062852556654125, 'latent_dim': 
                             41, 'final_cap': 1.7000000000000002, 'start_gumbel_temp': 2.3913822877813216}. Best is trial 48 with value:                
                             0.07250290364027023.                                                                                                       
                    INFO     Starting trial 94                                                                                                          
[02/27/26 03:14:18] INFO     VAE training completed for trial 94 with loss 0.0899, recon_loss 0.0732, kl_loss 0.6407                                    
                    INFO     Trial 94 finished with value: 0.07317111641168594 and parameters: {'final_kl_weight': 0.005335090965707527, 'latent_dim':  
                             40, 'final_cap': 1.7000000000000002, 'start_gumbel_temp': 2.328401652658503}. Best is trial 48 with value:                 
                             0.07250290364027023.                                                                                                       
                    INFO     Starting trial 95                                                                                                          
[02/27/26 03:15:39] INFO     VAE training completed for trial 95 with loss 0.0906, recon_loss 0.0738, kl_loss 0.8563                                    
