                    INFO     Trial 32 finished with value: 0.07376886159181595 and parameters: {'final_kl_weight': 0.011941172671827146, 'latent_dim':  
                             40, 'final_cap': 1.5, 'start_gumbel_temp': 2.3417838774168387}. Best is trial 18 with value: 0.07254613935947418.          
[02/27/26 01:50:05] INFO     Starting trial 33                                                                                                          
[02/27/26 01:51:27] INFO     VAE training completed for trial 33 with loss 0.0895, recon_loss 0.0728, kl_loss 1.0687                                    
                    INFO     Trial 33 finished with value: 0.07275989651679993 and parameters: {'final_kl_weight': 0.006062715577554234, 'latent_dim':  
                             41, 'final_cap': 1.7000000000000002, 'start_gumbel_temp': 2.4429642086276178}. Best is trial 18 with value:                
                             0.07254613935947418.                                                                                                       
                    INFO     Starting trial 34                                                                                                          
[02/27/26 01:52:49] INFO     VAE training completed for trial 34 with loss 0.0896, recon_loss 0.0730, kl_loss 1.1383                                    
                    INFO     Trial 34 finished with value: 0.07297467440366745 and parameters: {'final_kl_weight': 0.007728398319806111, 'latent_dim':  
                             42, 'final_cap': 1.5, 'start_gumbel_temp': 2.227330451957974}. Best is trial 18 with value: 0.07254613935947418.           
                    INFO     Starting trial 35                                                                                                          
[02/27/26 01:54:11] INFO     VAE training completed for trial 35 with loss 0.0918, recon_loss 0.0745, kl_loss 0.6895                                    
                    INFO     Trial 35 finished with value: 0.07452891021966934 and parameters: {'final_kl_weight': 0.017265165021609283, 'latent_dim':  
                             40, 'final_cap': 1.1, 'start_gumbel_temp': 2.5454283591043665}. Best is trial 18 with value: 0.07254613935947418.          
                    INFO     Starting trial 36                                                                                                          
[02/27/26 01:55:33] INFO     VAE training completed for trial 36 with loss 0.0899, recon_loss 0.0731, kl_loss 0.7898                                    
                    INFO     Trial 36 finished with value: 0.07307492941617966 and parameters: {'final_kl_weight': 0.007133966726106444, 'latent_dim':  
                             41, 'final_cap': 1.3, 'start_gumbel_temp': 2.397346168811429}. Best is trial 18 with value: 0.07254613935947418.           
                    INFO     Starting trial 37                                                                                                          
[02/27/26 01:56:55] INFO     VAE training completed for trial 37 with loss 0.0911, recon_loss 0.0745, kl_loss 0.6462                                    
                    INFO     Trial 37 finished with value: 0.07447222620248795 and parameters: {'final_kl_weight': 0.009484965570585853, 'latent_dim':  
                             41, 'final_cap': 1.7000000000000002, 'start_gumbel_temp': 2.989461255532115}. Best is trial 18 with value:                 
                             0.07254613935947418.                                                                                                       
                    INFO     Starting trial 38                                                                                                          
[02/27/26 01:58:17] INFO     VAE training completed for trial 38 with loss 0.0912, recon_loss 0.0743, kl_loss 0.8562                                    
                    INFO     Trial 38 finished with value: 0.07427506148815155 and parameters: {'final_kl_weight': 0.011425080636275562, 'latent_dim':  
                             43, 'final_cap': 0.9, 'start_gumbel_temp': 2.6638896383707005}. Best is trial 18 with value: 0.07254613935947418.          
                    INFO     Starting trial 39                                                                                                          
[02/27/26 01:59:39] INFO     VAE training completed for trial 39 with loss 0.0908, recon_loss 0.0741, kl_loss 0.9474                                    
                    INFO     Trial 39 finished with value: 0.07414457201957703 and parameters: {'final_kl_weight': 0.015099817069171679, 'latent_dim':  
                             42, 'final_cap': 1.5, 'start_gumbel_temp': 2.3259723918910606}. Best is trial 18 with value: 0.07254613935947418.          
                    INFO     Starting trial 40                                                                                                          
[02/27/26 02:01:01] INFO     VAE training completed for trial 40 with loss 0.0900, recon_loss 0.0730, kl_loss 0.6572                                    
                    INFO     Trial 40 finished with value: 0.07303155958652496 and parameters: {'final_kl_weight': 0.005885530045759983, 'latent_dim':  
                             40, 'final_cap': 1.9, 'start_gumbel_temp': 2.742948832936198}. Best is trial 18 with value: 0.07254613935947418.           
                    INFO     Starting trial 41                                                                                                          
[02/27/26 02:02:23] INFO     VAE training completed for trial 41 with loss 0.0899, recon_loss 0.0732, kl_loss 0.7660                                    
                    INFO     Trial 41 finished with value: 0.07315836101770401 and parameters: {'final_kl_weight': 0.005367313956635376, 'latent_dim':  
                             47, 'final_cap': 1.7000000000000002, 'start_gumbel_temp': 2.4671715959821836}. Best is trial 18 with value:                
                             0.07254613935947418.                                                                                                       
                    INFO     Starting trial 42                                                                                                          
[02/27/26 02:03:45] INFO     VAE training completed for trial 42 with loss 0.0899, recon_loss 0.0731, kl_loss 0.7870                                    
                    INFO     Trial 42 finished with value: 0.07312944531440735 and parameters: {'final_kl_weight': 0.005647984254999176, 'latent_dim':  
                             47, 'final_cap': 1.7000000000000002, 'start_gumbel_temp': 2.388583667557246}. Best is trial 18 with value:                 
                             0.07254613935947418.                                                                                                       
                    INFO     Starting trial 43                                                                                                          
[02/27/26 02:05:07] INFO     VAE training completed for trial 43 with loss 0.0904, recon_loss 0.0734, kl_loss 0.8802                                    
                    INFO     Trial 43 finished with value: 0.07335875183343887 and parameters: {'final_kl_weight': 0.00636560367612338, 'latent_dim':   
                             47, 'final_cap': 1.7000000000000002, 'start_gumbel_temp': 2.2040701458815004}. Best is trial 18 with value:                
                             0.07254613935947418.                                                                                                       
                    INFO     Starting trial 44                                                                                                          
[02/27/26 02:06:29] INFO     VAE training completed for trial 44 with loss 0.0911, recon_loss 0.0744, kl_loss 0.8856                                    
                    INFO     Trial 44 finished with value: 0.0743732899427414 and parameters: {'final_kl_weight': 0.02450272650489192, 'latent_dim': 49,
                             'final_cap': 1.9, 'start_gumbel_temp': 2.3359878646738848}. Best is trial 18 with value: 0.07254613935947418.              
                    INFO     Starting trial 45                                                                                                          
[02/27/26 02:07:51] INFO     VAE training completed for trial 45 with loss 0.0905, recon_loss 0.0738, kl_loss 0.8294                                    
                    INFO     Trial 45 finished with value: 0.0737970843911171 and parameters: {'final_kl_weight': 0.0074319426848693335, 'latent_dim':  
                             48, 'final_cap': 0.5, 'start_gumbel_temp': 2.503181511897057}. Best is trial 18 with value: 0.07254613935947418.           
                    INFO     Starting trial 46                                                                                                          
[02/27/26 02:09:13] INFO     VAE training completed for trial 46 with loss 0.0898, recon_loss 0.0729, kl_loss 0.4443                                    
                    INFO     Trial 46 finished with value: 0.07292657345533371 and parameters: {'final_kl_weight': 0.005571078757019266, 'latent_dim':  
                             48, 'final_cap': 1.5, 'start_gumbel_temp': 2.4191589211774094}. Best is trial 18 with value: 0.07254613935947418.          
                    INFO     Starting trial 47                                                                                                          
[02/27/26 02:10:35] INFO     VAE training completed for trial 47 with loss 0.0910, recon_loss 0.0743, kl_loss 0.4862                                    
                    INFO     Trial 47 finished with value: 0.07429243624210358 and parameters: {'final_kl_weight': 0.04245774304890073, 'latent_dim':   
                             46, 'final_cap': 1.5, 'start_gumbel_temp': 2.3011245309811117}. Best is trial 18 with value: 0.07254613935947418.          
                    INFO     Starting trial 48                                                                                                          
[02/27/26 02:11:56] INFO     VAE training completed for trial 48 with loss 0.0892, recon_loss 0.0725, kl_loss 0.5568                                    
                    INFO     Trial 48 finished with value: 0.07250290364027023 and parameters: {'final_kl_weight': 0.006292485997461441, 'latent_dim':  
                             45, 'final_cap': 1.7000000000000002, 'start_gumbel_temp': 2.245994170989573}. Best is trial 48 with value:                 
                             0.07250290364027023.                                                                                                       
                    INFO     Starting trial 49                                                                                                          
[02/27/26 02:13:17] INFO     VAE training completed for trial 49 with loss 0.0914, recon_loss 0.0745, kl_loss 0.7833                                    
                    INFO     Trial 49 finished with value: 0.0744955986738205 and parameters: {'final_kl_weight': 0.0084471255341488, 'latent_dim': 44, 
                             'final_cap': 1.3, 'start_gumbel_temp': 2.245721965376223}. Best is trial 48 with value: 0.07250290364027023.               
                    INFO     Starting trial 50                                                                                                          
[02/27/26 02:14:40] INFO     VAE training completed for trial 50 with loss 0.0904, recon_loss 0.0736, kl_loss 0.8211                                    
                    INFO     Trial 50 finished with value: 0.07361768186092377 and parameters: {'final_kl_weight': 0.013420800679124524, 'latent_dim':  
                             45, 'final_cap': 1.9, 'start_gumbel_temp': 2.1402016995404556}. Best is trial 48 with value: 0.07250290364027023.          
                    INFO     Starting trial 51                                                                                                          
[02/27/26 02:16:01] INFO     VAE training completed for trial 51 with loss 0.0897, recon_loss 0.0730, kl_loss 0.8224                                    
                    INFO     Trial 51 finished with value: 0.07298596948385239 and parameters: {'final_kl_weight': 0.005005639560215597, 'latent_dim':  
                             46, 'final_cap': 1.7000000000000002, 'start_gumbel_temp': 2.363993896596305}. Best is trial 48 with value:                 
                             0.07250290364027023.                                                                                                       
                    INFO     Starting trial 52                                                                                                          
[02/27/26 02:17:23] INFO     VAE training completed for trial 52 with loss 0.0896, recon_loss 0.0729, kl_loss 0.6144                                    
                    INFO     Trial 52 finished with value: 0.07290427386760712 and parameters: {'final_kl_weight': 0.006316428567325345, 'latent_dim':  
                             47, 'final_cap': 1.7000000000000002, 'start_gumbel_temp': 2.481182680433555}. Best is trial 48 with value:                 
                             0.07250290364027023.                                                                                                       
                    INFO     Starting trial 53                                                                                                          
[02/27/26 02:18:44] INFO     VAE training completed for trial 53 with loss 0.0895, recon_loss 0.0728, kl_loss 0.7390                                    
                    INFO     Trial 53 finished with value: 0.07282736897468567 and parameters: {'final_kl_weight': 0.006932572252111467, 'latent_dim':  
                             43, 'final_cap': 1.7000000000000002, 'start_gumbel_temp': 2.5365094485213646}. Best is trial 48 with value:                
                             0.07250290364027023.                                                                                                       
                    INFO     Starting trial 54                                                                                                          
[02/27/26 02:20:06] INFO     VAE training completed for trial 54 with loss 0.0899, recon_loss 0.0730, kl_loss 0.5522                                    
                    INFO     Trial 54 finished with value: 0.07300468534231186 and parameters: {'final_kl_weight': 0.005531794970902829, 'latent_dim':  
                             45, 'final_cap': 1.5, 'start_gumbel_temp': 2.3800803729483198}. Best is trial 48 with value: 0.07250290364027023.          
                    INFO     Starting trial 55                                                                                                          
[02/27/26 02:21:28] INFO     VAE training completed for trial 55 with loss 0.0898, recon_loss 0.0730, kl_loss 0.6400                                    
                    INFO     Trial 55 finished with value: 0.07298630475997925 and parameters: {'final_kl_weight': 0.005767530882856059, 'latent_dim':  
                             44, 'final_cap': 1.9, 'start_gumbel_temp': 2.2756819798482617}. Best is trial 48 with value: 0.07250290364027023.          
                    INFO     Starting trial 56                                                                                                          
[02/27/26 02:22:49] INFO     VAE training completed for trial 56 with loss 0.0904, recon_loss 0.0732, kl_loss 0.5002                                    
                    INFO     Trial 56 finished with value: 0.07323241233825684 and parameters: {'final_kl_weight': 0.006233539410657837, 'latent_dim':  
                             50, 'final_cap': 1.7000000000000002, 'start_gumbel_temp': 2.8645440342049153}. Best is trial 48 with value:                
                             0.07250290364027023.                                                                                                       
[02/27/26 02:22:50] INFO     Starting trial 57                                                                                                          
[02/27/26 02:24:10] INFO     VAE training completed for trial 57 with loss 0.0900, recon_loss 0.0732, kl_loss 0.6066                                    
                    INFO     Trial 57 finished with value: 0.07323825359344482 and parameters: {'final_kl_weight': 0.0071975802848871515, 'latent_dim': 
                             41, 'final_cap': 1.5, 'start_gumbel_temp': 2.0922751349959032}. Best is trial 48 with value: 0.07250290364027023.          
[02/27/26 02:24:11] INFO     Starting trial 58                                                                                                          
[02/27/26 02:25:32] INFO     VAE training completed for trial 58 with loss 0.0906, recon_loss 0.0741, kl_loss 0.8014                                    
                    INFO     Trial 58 finished with value: 0.0740799754858017 and parameters: {'final_kl_weight': 0.005369368840654025, 'latent_dim':   
                             48, 'final_cap': 1.7000000000000002, 'start_gumbel_temp': 2.3195475407480926}. Best is trial 48 with value:                
                             0.07250290364027023.                                                                                                       
[02/27/26 02:25:33] INFO     Starting trial 59                                                                                                          
[02/27/26 02:26:53] INFO     VAE training completed for trial 59 with loss 0.0898, recon_loss 0.0730, kl_loss 0.5135                                    
                    INFO     Trial 59 finished with value: 0.07298260927200317 and parameters: {'final_kl_weight': 0.006534304844026834, 'latent_dim':  
                             40, 'final_cap': 1.3, 'start_gumbel_temp': 2.439482772301823}. Best is trial 48 with value: 0.07250290364027023.           
                    INFO     Starting trial 60                                                                                                          
[02/27/26 02:28:14] INFO     VAE training completed for trial 60 with loss 0.0901, recon_loss 0.0731, kl_loss 0.6739                                    
                    INFO     Trial 60 finished with value: 0.07313922047615051 and parameters: {'final_kl_weight': 0.007819926583429811, 'latent_dim':  
                             42, 'final_cap': 1.9, 'start_gumbel_temp': 2.5795266955125205}. Best is trial 48 with value: 0.07250290364027023.          
                    INFO     Starting trial 61                                                                                                          
[02/27/26 02:29:36] INFO     VAE training completed for trial 61 with loss 0.0900, recon_loss 0.0731, kl_loss 0.5424                                    
                    INFO     Trial 61 finished with value: 0.07310383021831512 and parameters: {'final_kl_weight': 0.005930511338066167, 'latent_dim':  
                             46, 'final_cap': 1.7000000000000002, 'start_gumbel_temp': 2.2784180606459294}. Best is trial 48 with value:                
                             0.07250290364027023.                                                                                                       
                    INFO     Starting trial 62                                                                                                          
[02/27/26 02:30:57] INFO     VAE training completed for trial 62 with loss 0.0894, recon_loss 0.0727, kl_loss 0.4319                                    
                    INFO     Trial 62 finished with value: 0.07270202040672302 and parameters: {'final_kl_weight': 0.005018247039618895, 'latent_dim':  
                             44, 'final_cap': 1.7000000000000002, 'start_gumbel_temp': 2.2041856093850396}. Best is trial 48 with value:                
                             0.07250290364027023.                                                                                                       
                    INFO     Starting trial 63                                                                                                          
[02/27/26 02:32:19] INFO     VAE training completed for trial 63 with loss 0.0912, recon_loss 0.0741, kl_loss 1.1654                                    
                    INFO     Trial 63 finished with value: 0.07410316169261932 and parameters: {'final_kl_weight': 0.005262150064676348, 'latent_dim':  
                             44, 'final_cap': 1.7000000000000002, 'start_gumbel_temp': 2.207797200813355}. Best is trial 48 with value:                 
                             0.07250290364027023.                                                                                                       
                    INFO     Starting trial 64                                                                                                          
[02/27/26 02:33:41] INFO     VAE training completed for trial 64 with loss 0.0904, recon_loss 0.0733, kl_loss 0.6915                                    
