                    INFO     Trial 92 finished with value: 0.6398094892501831 and parameters: {'final_kl_weight': 0.0068309930188121286,            
                             'latent_dim': 6, 'final_cap': 2.9, 'start_gumbel_temp': 2.9759834108116903}. Best is trial 66 with value:              
                             0.639599621295929.                                                                                                     
                    INFO     Starting trial 93                                                                                                      
[02/20/26 13:20:38] INFO     Trial 93 pruned. Pruned at epoch 50.                                                                                   
                    INFO     Starting trial 94                                                                                                      
[02/20/26 13:43:28] INFO     VAE training completed for trial 94 with loss 0.6423, recon_loss 0.6401, kl_loss 1.2603                                
                    INFO     Trial 94 finished with value: 0.6400642395019531 and parameters: {'final_kl_weight': 0.008248758578753825,             
                             'latent_dim': 6, 'final_cap': 2.9, 'start_gumbel_temp': 3.2253940985112104}. Best is trial 66 with value:              
                             0.639599621295929.                                                                                                     
                    INFO     Starting trial 95                                                                                                      
[02/20/26 13:55:06] INFO     Trial 95 pruned. Pruned at epoch 50.                                                                                   
                    INFO     Starting trial 96                                                                                                      
[02/20/26 14:06:40] INFO     Trial 96 pruned. Pruned at epoch 50.                                                                                   
                    INFO     Starting trial 97                                                                                                      
[02/20/26 14:18:16] INFO     Trial 97 pruned. Pruned at epoch 50.                                                                                   
[02/20/26 14:18:17] INFO     Starting trial 98                                                                                                      
[02/20/26 14:29:45] INFO     Trial 98 pruned. Pruned at epoch 50.                                                                                   
                    INFO     Starting trial 99                                                                                                      
[02/20/26 14:41:10] INFO     Trial 99 pruned. Pruned at epoch 50.                                                                                   
                    INFO     Study done with 100 trials: 59 pruned, 41 complete.                                                                    
                    INFO     Best trial #66: value=0.6396, params={'final_kl_weight': 0.005805844647322389, 'latent_dim': 6, 'final_cap': 2.9,      
                             'start_gumbel_temp': 3.1855389046413842}                                                                               
