[02/20/26 00:29:39] INFO     Trial 48 pruned. Pruned at epoch 50.                                                                                   
                    INFO     Starting trial 49                                                                                                      
[02/20/26 00:52:38] INFO     VAE training completed for trial 49 with loss 0.6433, recon_loss 0.6428, kl_loss 0.3194                                
                    INFO     Trial 49 finished with value: 0.6428139209747314 and parameters: {'final_kl_weight': 0.022877742882724844,             
                             'latent_dim': 2, 'final_cap': 2.7, 'start_gumbel_temp': 2.323317115598448}. Best is trial 37 with value:               
                             0.6407994031906128.                                                                                                    
                    INFO     Starting trial 50                                                                                                      
[02/20/26 01:04:21] INFO     Trial 50 pruned. Pruned at epoch 50.                                                                                   
                    INFO     Starting trial 51                                                                                                      
[02/20/26 01:16:05] INFO     Trial 51 pruned. Pruned at epoch 50.                                                                                   
                    INFO     Starting trial 52                                                                                                      
[02/20/26 01:39:05] INFO     VAE training completed for trial 52 with loss 0.6428, recon_loss 0.6421, kl_loss 0.8700                                
                    INFO     Trial 52 finished with value: 0.6420609951019287 and parameters: {'final_kl_weight': 0.010476160544500518,             
                             'latent_dim': 4, 'final_cap': 2.9, 'start_gumbel_temp': 3.8319828465187205}. Best is trial 37 with value:              
                             0.6407994031906128.                                                                                                    
                    INFO     Starting trial 53                                                                                                      
[02/20/26 01:50:50] INFO     Trial 53 pruned. Pruned at epoch 50.                                                                                   
[02/20/26 01:50:51] INFO     Starting trial 54                                                                                                      
[02/20/26 02:02:37] INFO     Trial 54 pruned. Pruned at epoch 50.                                                                                   
                    INFO     Starting trial 55                                                                                                      
[02/20/26 02:14:21] INFO     Trial 55 pruned. Pruned at epoch 50.                                                                                   
                    INFO     Starting trial 56                                                                                                      
[02/20/26 02:26:06] INFO     Trial 56 pruned. Pruned at epoch 50.                                                                                   
                    INFO     Starting trial 57                                                                                                      
[02/20/26 02:49:08] INFO     VAE training completed for trial 57 with loss 0.6433, recon_loss 0.6425, kl_loss 1.0347                                
[02/20/26 02:49:09] INFO     Trial 57 finished with value: 0.6424675583839417 and parameters: {'final_kl_weight': 0.014813243219807884,             
                             'latent_dim': 5, 'final_cap': 2.9, 'start_gumbel_temp': 2.14008676874004}. Best is trial 37 with value:                
                             0.6407994031906128.                                                                                                    
                    INFO     Starting trial 58                                                                                                      
[02/20/26 03:00:50] INFO     Trial 58 pruned. Pruned at epoch 50.                                                                                   
[02/20/26 03:00:51] INFO     Starting trial 59                                                                                                      
[02/20/26 03:23:56] INFO     VAE training completed for trial 59 with loss 0.6435, recon_loss 0.6422, kl_loss 0.9231                                
                    INFO     Trial 59 finished with value: 0.642180860042572 and parameters: {'final_kl_weight': 0.011726966644832588, 'latent_dim':
                             4, 'final_cap': 2.3, 'start_gumbel_temp': 3.4322951425306147}. Best is trial 37 with value: 0.6407994031906128.        
                    INFO     Starting trial 60                                                                                                      
[02/20/26 03:46:55] INFO     VAE training completed for trial 60 with loss 0.6437, recon_loss 0.6424, kl_loss 0.8969                                
                    INFO     Trial 60 finished with value: 0.6424223780632019 and parameters: {'final_kl_weight': 0.006073636875045757,             
                             'latent_dim': 3, 'final_cap': 2.7, 'start_gumbel_temp': 2.8953466175405245}. Best is trial 37 with value:              
                             0.6407994031906128.                                                                                                    
[02/20/26 03:46:56] INFO     Starting trial 61                                                                                                      
[02/20/26 04:09:55] INFO     VAE training completed for trial 61 with loss 0.6423, recon_loss 0.6400, kl_loss 1.3505                                
                    INFO     Trial 61 finished with value: 0.6400490999221802 and parameters: {'final_kl_weight': 0.007176964661377725,             
                             'latent_dim': 6, 'final_cap': 2.5, 'start_gumbel_temp': 3.142352499658216}. Best is trial 61 with value:               
                             0.6400490999221802.                                                                                                    
                    INFO     Starting trial 62                                                                                                      
[02/20/26 04:32:53] INFO     VAE training completed for trial 62 with loss 0.6632, recon_loss 0.6450, kl_loss 4.1665                                
                    INFO     Trial 62 finished with value: 0.6450331807136536 and parameters: {'final_kl_weight': 0.007111037104810766,             
                             'latent_dim': 6, 'final_cap': 1.5, 'start_gumbel_temp': 3.575263349002781}. Best is trial 61 with value:               
                             0.6400490999221802.                                                                                                    
                    INFO     Starting trial 63                                                                                                      
[02/20/26 04:55:51] INFO     VAE training completed for trial 63 with loss 0.6630, recon_loss 0.6458, kl_loss 3.9019                                
                    INFO     Trial 63 finished with value: 0.6457998752593994 and parameters: {'final_kl_weight': 0.007101041028145753,             
                             'latent_dim': 5, 'final_cap': 2.5, 'start_gumbel_temp': 3.6978119311464384}. Best is trial 61 with value:              
                             0.6400490999221802.                                                                                                    
                    INFO     Starting trial 64                                                                                                      
[02/20/26 05:18:45] INFO     VAE training completed for trial 64 with loss 0.6430, recon_loss 0.6405, kl_loss 1.2298                                
                    INFO     Trial 64 finished with value: 0.6405154466629028 and parameters: {'final_kl_weight': 0.009701103771780838,             
                             'latent_dim': 6, 'final_cap': 2.9, 'start_gumbel_temp': 3.1454866242302484}. Best is trial 61 with value:              
                             0.6400490999221802.                                                                                                    
                    INFO     Starting trial 65                                                                                                      
[02/20/26 05:41:38] INFO     VAE training completed for trial 65 with loss 0.6415, recon_loss 0.6397, kl_loss 1.4082                                
                    INFO     Trial 65 finished with value: 0.639718770980835 and parameters: {'final_kl_weight': 0.0058178507442015965,             
                             'latent_dim': 6, 'final_cap': 2.9, 'start_gumbel_temp': 3.296823433256831}. Best is trial 65 with value:               
                             0.639718770980835.                                                                                                     
[02/20/26 05:41:39] INFO     Starting trial 66                                                                                                      
[02/20/26 06:04:32] INFO     VAE training completed for trial 66 with loss 0.6414, recon_loss 0.6396, kl_loss 1.3877                                
                    INFO     Trial 66 finished with value: 0.639599621295929 and parameters: {'final_kl_weight': 0.005805844647322389, 'latent_dim':
                             6, 'final_cap': 2.9, 'start_gumbel_temp': 3.1855389046413842}. Best is trial 66 with value: 0.639599621295929.         
[02/20/26 06:04:33] INFO     Starting trial 67                                                                                                      
[02/20/26 06:27:26] INFO     VAE training completed for trial 67 with loss 0.6487, recon_loss 0.6486, kl_loss 0.7373                                
                    INFO     Trial 67 finished with value: 0.6486422419548035 and parameters: {'final_kl_weight': 0.266073150843259, 'latent_dim':  
                             6, 'final_cap': 2.9, 'start_gumbel_temp': 3.258394662414011}. Best is trial 66 with value: 0.639599621295929.          
                    INFO     Starting trial 68                                                                                                      
[02/20/26 06:39:06] INFO     Trial 68 pruned. Pruned at epoch 50.                                                                                   
[02/20/26 06:39:07] INFO     Starting trial 69                                                                                                      
[02/20/26 07:02:01] INFO     VAE training completed for trial 69 with loss 0.6439, recon_loss 0.6407, kl_loss 1.2112                                
                    INFO     Trial 69 finished with value: 0.6407169103622437 and parameters: {'final_kl_weight': 0.01203236927564836, 'latent_dim':
                             6, 'final_cap': 2.7, 'start_gumbel_temp': 3.363789410395779}. Best is trial 66 with value: 0.639599621295929.          
                    INFO     Starting trial 70                                                                                                      
[02/20/26 07:13:42] INFO     Trial 70 pruned. Pruned at epoch 50.                                                                                   
                    INFO     Starting trial 71                                                                                                      
[02/20/26 07:25:25] INFO     Trial 71 pruned. Pruned at epoch 50.                                                                                   
                    INFO     Starting trial 72                                                                                                      
[02/20/26 07:48:17] INFO     VAE training completed for trial 72 with loss 0.6592, recon_loss 0.6435, kl_loss 4.4468                                
                    INFO     Trial 72 finished with value: 0.6435427665710449 and parameters: {'final_kl_weight': 0.005736610611442461,             
                             'latent_dim': 6, 'final_cap': 2.7, 'start_gumbel_temp': 3.3300947885110013}. Best is trial 66 with value:              
                             0.639599621295929.                                                                                                     
                    INFO     Starting trial 73                                                                                                      
[02/20/26 07:59:57] INFO     Trial 73 pruned. Pruned at epoch 50.                                                                                   
                    INFO     Starting trial 74                                                                                                      
[02/20/26 08:11:35] INFO     Trial 74 pruned. Pruned at epoch 50.                                                                                   
                    INFO     Starting trial 75                                                                                                      
[02/20/26 08:23:12] INFO     Trial 75 pruned. Pruned at epoch 50.                                                                                   
[02/20/26 08:23:13] INFO     Starting trial 76                                                                                                      
[02/20/26 08:34:49] INFO     Trial 76 pruned. Pruned at epoch 50.                                                                                   
                    INFO     Starting trial 77                                                                                                      
[02/20/26 08:57:44] INFO     VAE training completed for trial 77 with loss 0.6425, recon_loss 0.6405, kl_loss 1.3016                                
                    INFO     Trial 77 finished with value: 0.6405413150787354 and parameters: {'final_kl_weight': 0.0080966870501128, 'latent_dim': 
                             6, 'final_cap': 2.7, 'start_gumbel_temp': 2.9520206123935573}. Best is trial 66 with value: 0.639599621295929.         
                    INFO     Starting trial 78                                                                                                      
[02/20/26 09:09:21] INFO     Trial 78 pruned. Pruned at epoch 50.                                                                                   
                    INFO     Starting trial 79                                                                                                      
[02/20/26 09:32:03] INFO     VAE training completed for trial 79 with loss 0.6468, recon_loss 0.6432, kl_loss 0.7823                                
                    INFO     Trial 79 finished with value: 0.6431845426559448 and parameters: {'final_kl_weight': 0.062172534975398666,             
                             'latent_dim': 6, 'final_cap': 2.9, 'start_gumbel_temp': 2.9379876325836403}. Best is trial 66 with value:              
                             0.639599621295929.                                                                                                     
                    INFO     Starting trial 80                                                                                                      
[02/20/26 09:43:38] INFO     Trial 80 pruned. Pruned at epoch 50.                                                                                   
[02/20/26 09:43:39] INFO     Starting trial 81                                                                                                      
[02/20/26 10:06:23] INFO     VAE training completed for trial 81 with loss 0.6424, recon_loss 0.6401, kl_loss 1.3662                                
                    INFO     Trial 81 finished with value: 0.6400588154792786 and parameters: {'final_kl_weight': 0.007663680876557713,             
                             'latent_dim': 6, 'final_cap': 2.7, 'start_gumbel_temp': 3.289185033209742}. Best is trial 66 with value:               
                             0.639599621295929.                                                                                                     
                    INFO     Starting trial 82                                                                                                      
[02/20/26 10:29:04] INFO     VAE training completed for trial 82 with loss 0.6453, recon_loss 0.6420, kl_loss 1.3631                                
                    INFO     Trial 82 finished with value: 0.6419681310653687 and parameters: {'final_kl_weight': 0.011404815066954082,             
                             'latent_dim': 6, 'final_cap': 2.5, 'start_gumbel_temp': 3.2893150740715}. Best is trial 66 with value:                 
                             0.639599621295929.                                                                                                     
                    INFO     Starting trial 83                                                                                                      
[02/20/26 10:40:37] INFO     Trial 83 pruned. Pruned at epoch 50.                                                                                   
                    INFO     Starting trial 84                                                                                                      
[02/20/26 10:51:55] INFO     Trial 84 pruned. Pruned at epoch 50.                                                                                   
                    INFO     Starting trial 85                                                                                                      
[02/20/26 11:03:25] INFO     Trial 85 pruned. Pruned at epoch 50.                                                                                   
                    INFO     Starting trial 86                                                                                                      
[02/20/26 11:14:55] INFO     Trial 86 pruned. Pruned at epoch 50.                                                                                   
                    INFO     Starting trial 87                                                                                                      
[02/20/26 11:37:22] INFO     VAE training completed for trial 87 with loss 0.6417, recon_loss 0.6396, kl_loss 1.3483                                
                    INFO     Trial 87 finished with value: 0.6396477222442627 and parameters: {'final_kl_weight': 0.006873256458456418,             
                             'latent_dim': 6, 'final_cap': 2.9, 'start_gumbel_temp': 2.8720756318707514}. Best is trial 66 with value:              
                             0.639599621295929.                                                                                                     
                    INFO     Starting trial 88                                                                                                      
[02/20/26 11:59:47] INFO     VAE training completed for trial 88 with loss 0.6417, recon_loss 0.6397, kl_loss 1.3007                                
                    INFO     Trial 88 finished with value: 0.6397061944007874 and parameters: {'final_kl_weight': 0.0065496116772234105,            
                             'latent_dim': 6, 'final_cap': 2.9, 'start_gumbel_temp': 2.8689745220974157}. Best is trial 66 with value:              
                             0.639599621295929.                                                                                                     
[02/20/26 11:59:48] INFO     Starting trial 89                                                                                                      
[02/20/26 12:11:09] INFO     Trial 89 pruned. Pruned at epoch 50.                                                                                   
                    INFO     Starting trial 90                                                                                                      
[02/20/26 12:22:46] INFO     Trial 90 pruned. Pruned at epoch 50.                                                                                   
                    INFO     Starting trial 91                                                                                                      
[02/20/26 12:45:51] INFO     VAE training completed for trial 91 with loss 0.6426, recon_loss 0.6413, kl_loss 1.5514                                
                    INFO     Trial 91 finished with value: 0.6413313746452332 and parameters: {'final_kl_weight': 0.006510841636851514,             
                             'latent_dim': 6, 'final_cap': 2.9, 'start_gumbel_temp': 2.838793292015844}. Best is trial 66 with value:               
                             0.639599621295929.                                                                                                     
                    INFO     Starting trial 92                                                                                                      
[02/20/26 13:08:56] INFO     VAE training completed for trial 92 with loss 0.6417, recon_loss 0.6398, kl_loss 1.3268                                
