                    INFO     Trial 44 finished with value: 0.640021562576294 and parameters: {'final_kl_weight': 0.005024665603681973,
                             'latent_dim': 4, 'final_cap': 3.1, 'start_gumbel_temp': 2.4409633729271127}. Best is trial 8 with value: 
                             0.6388880610466003.                                                                                      
                    INFO     Starting trial 45                                                                                        
[02/13/26 00:47:58] INFO     VAE training completed for trial 45 with loss 0.6445, recon_loss 0.6420, kl_loss 1.2724                  
                    INFO     Trial 45 finished with value: 0.6420133113861084 and parameters: {'final_kl_weight':                     
                             0.006390040219615383, 'latent_dim': 5, 'final_cap': 0.5, 'start_gumbel_temp': 2.1391331910290923}. Best  
                             is trial 8 with value: 0.6388880610466003.                                                               
                    INFO     Starting trial 46                                                                                        
[02/13/26 01:01:07] INFO     VAE training completed for trial 46 with loss 0.6485, recon_loss 0.6485, kl_loss 0.4605                  
                    INFO     Trial 46 finished with value: 0.6485007405281067 and parameters: {'final_kl_weight': 0.1231526119762877, 
                             'latent_dim': 4, 'final_cap': 3.7, 'start_gumbel_temp': 2.6783247648236386}. Best is trial 8 with value: 
                             0.6388880610466003.                                                                                      
                    INFO     Starting trial 47                                                                                        
[02/13/26 01:07:48] INFO     Trial 47 pruned. Pruned at epoch 50.                                                                     
                    INFO     Starting trial 48                                                                                        
[02/13/26 01:14:32] INFO     Trial 48 pruned. Pruned at epoch 50.                                                                     
                    INFO     Starting trial 49                                                                                        
[02/13/26 01:27:42] INFO     VAE training completed for trial 49 with loss 0.6399, recon_loss 0.6386, kl_loss 1.2824                  
                    INFO     Trial 49 finished with value: 0.6385926008224487 and parameters: {'final_kl_weight':                     
                             0.005095576670750755, 'latent_dim': 6, 'final_cap': 3.5, 'start_gumbel_temp': 2.3822288138934518}. Best  
                             is trial 49 with value: 0.6385926008224487.                                                              
                    INFO     Starting trial 50                                                                                        
[02/13/26 01:34:25] INFO     Trial 50 pruned. Pruned at epoch 50.                                                                     
                    INFO     Starting trial 51                                                                                        
[02/13/26 01:41:07] INFO     Trial 51 pruned. Pruned at epoch 50.                                                                     
                    INFO     Starting trial 52                                                                                        
[02/13/26 01:47:49] INFO     Trial 52 pruned. Pruned at epoch 50.                                                                     
                    INFO     Starting trial 53                                                                                        
[02/13/26 01:54:31] INFO     Trial 53 pruned. Pruned at epoch 50.                                                                     
                    INFO     Starting trial 54                                                                                        
[02/13/26 02:07:39] INFO     VAE training completed for trial 54 with loss 0.6401, recon_loss 0.6390, kl_loss 1.1530                  
                    INFO     Trial 54 finished with value: 0.639005720615387 and parameters: {'final_kl_weight': 0.005011327899560863,
                             'latent_dim': 5, 'final_cap': 3.1, 'start_gumbel_temp': 2.348671965505596}. Best is trial 49 with value: 
                             0.6385926008224487.                                                                                      
                    INFO     Starting trial 55                                                                                        
[02/13/26 02:20:48] INFO     VAE training completed for trial 55 with loss 0.6406, recon_loss 0.6395, kl_loss 1.2411                  
                    INFO     Trial 55 finished with value: 0.6394531726837158 and parameters: {'final_kl_weight':                     
                             0.005034729888560848, 'latent_dim': 5, 'final_cap': 3.1, 'start_gumbel_temp': 2.3683063902398556}. Best  
                             is trial 49 with value: 0.6385926008224487.                                                              
                    INFO     Starting trial 56                                                                                        
[02/13/26 02:27:31] INFO     Trial 56 pruned. Pruned at epoch 50.                                                                     
                    INFO     Starting trial 57                                                                                        
[02/13/26 02:34:15] INFO     Trial 57 pruned. Pruned at epoch 50.                                                                     
                    INFO     Starting trial 58                                                                                        
[02/13/26 02:47:22] INFO     VAE training completed for trial 58 with loss 0.6406, recon_loss 0.6394, kl_loss 1.0749                  
                    INFO     Trial 58 finished with value: 0.6394135355949402 and parameters: {'final_kl_weight':                     
                             0.006034704561329369, 'latent_dim': 5, 'final_cap': 2.9000000000000004, 'start_gumbel_temp':             
                             2.00437382158591}. Best is trial 49 with value: 0.6385926008224487.                                      
                    INFO     Starting trial 59                                                                                        
[02/13/26 03:00:30] INFO     VAE training completed for trial 59 with loss 0.6416, recon_loss 0.6411, kl_loss 0.8000                  
                    INFO     Trial 59 finished with value: 0.6411113739013672 and parameters: {'final_kl_weight':                     
                             0.017541802585769845, 'latent_dim': 5, 'final_cap': 3.3000000000000003, 'start_gumbel_temp':             
                             2.0567265238556143}. Best is trial 49 with value: 0.6385926008224487.                                    
                    INFO     Starting trial 60                                                                                        
[02/13/26 03:13:37] INFO     VAE training completed for trial 60 with loss 0.6423, recon_loss 0.6402, kl_loss 1.2216                  
                    INFO     Trial 60 finished with value: 0.6401646137237549 and parameters: {'final_kl_weight':                     
                             0.009589747345027894, 'latent_dim': 6, 'final_cap': 2.9000000000000004, 'start_gumbel_temp':             
                             2.238571567940586}. Best is trial 49 with value: 0.6385926008224487.                                     
[02/13/26 03:13:38] INFO     Starting trial 61                                                                                        
[02/13/26 03:20:17] INFO     Trial 61 pruned. Pruned at epoch 50.                                                                     
                    INFO     Starting trial 62                                                                                        
[02/13/26 03:27:00] INFO     Trial 62 pruned. Pruned at epoch 50.                                                                     
                    INFO     Starting trial 63                                                                                        
[02/13/26 03:33:42] INFO     Trial 63 pruned. Pruned at epoch 50.                                                                     
                    INFO     Starting trial 64                                                                                        
[02/13/26 03:40:24] INFO     Trial 64 pruned. Pruned at epoch 50.                                                                     
                    INFO     Starting trial 65                                                                                        
[02/13/26 03:53:33] INFO     VAE training completed for trial 65 with loss 0.6418, recon_loss 0.6407, kl_loss 0.8565                  
                    INFO     Trial 65 finished with value: 0.6407221555709839 and parameters: {'final_kl_weight': 0.01165261226121739,
                             'latent_dim': 5, 'final_cap': 2.9000000000000004, 'start_gumbel_temp': 2.2193529606957814}. Best is trial
                             49 with value: 0.6385926008224487.                                                                       
[02/13/26 03:53:34] INFO     Starting trial 66                                                                                        
[02/13/26 04:06:42] INFO     VAE training completed for trial 66 with loss 0.6413, recon_loss 0.6397, kl_loss 1.2075                  
                    INFO     Trial 66 finished with value: 0.6397181153297424 and parameters: {'final_kl_weight':                     
                             0.008590478341987768, 'latent_dim': 6, 'final_cap': 3.3000000000000003, 'start_gumbel_temp':             
                             2.6141065925262343}. Best is trial 49 with value: 0.6385926008224487.                                    
                    INFO     Starting trial 67                                                                                        
[02/13/26 04:19:50] INFO     VAE training completed for trial 67 with loss 0.6422, recon_loss 0.6399, kl_loss 1.2346                  
                    INFO     Trial 67 finished with value: 0.6399138569831848 and parameters: {'final_kl_weight':                     
                             0.007298665061533304, 'latent_dim': 5, 'final_cap': 2.3, 'start_gumbel_temp': 3.8875919936210166}. Best  
                             is trial 49 with value: 0.6385926008224487.                                                              
                    INFO     Starting trial 68                                                                                        
[02/13/26 04:32:58] INFO     VAE training completed for trial 68 with loss 0.6412, recon_loss 0.6400, kl_loss 1.6448                  
                    INFO     Trial 68 finished with value: 0.6400086879730225 and parameters: {'final_kl_weight':                     
                             0.005103987306011698, 'latent_dim': 6, 'final_cap': 3.5, 'start_gumbel_temp': 2.3695419594666904}. Best  
                             is trial 49 with value: 0.6385926008224487.                                                              
                    INFO     Starting trial 69                                                                                        
[02/13/26 04:46:07] INFO     VAE training completed for trial 69 with loss 0.6403, recon_loss 0.6391, kl_loss 1.0780                  
                    INFO     Trial 69 finished with value: 0.6391323208808899 and parameters: {'final_kl_weight':                     
                             0.005885456757064959, 'latent_dim': 5, 'final_cap': 3.1, 'start_gumbel_temp': 2.5095552274869934}. Best  
                             is trial 49 with value: 0.6385926008224487.                                                              
                    INFO     Starting trial 70                                                                                        
[02/13/26 04:52:48] INFO     Trial 70 pruned. Pruned at epoch 50.                                                                     
                    INFO     Starting trial 71                                                                                        
[02/13/26 05:05:56] INFO     VAE training completed for trial 71 with loss 0.6414, recon_loss 0.6403, kl_loss 1.2474                  
                    INFO     Trial 71 finished with value: 0.6402684450149536 and parameters: {'final_kl_weight':                     
                             0.005971207398834621, 'latent_dim': 5, 'final_cap': 3.1, 'start_gumbel_temp': 2.3112847378685806}. Best  
                             is trial 49 with value: 0.6385926008224487.                                                              
[02/13/26 05:05:57] INFO     Starting trial 72                                                                                        
[02/13/26 05:12:39] INFO     Trial 72 pruned. Pruned at epoch 50.                                                                     
                    INFO     Starting trial 73                                                                                        
[02/13/26 05:25:45] INFO     VAE training completed for trial 73 with loss 0.6444, recon_loss 0.6424, kl_loss 1.3943                  
                    INFO     Trial 73 finished with value: 0.6423588395118713 and parameters: {'final_kl_weight':                     
                             0.008524954325510722, 'latent_dim': 5, 'final_cap': 3.5, 'start_gumbel_temp': 4.100448105386737}. Best is
                             trial 49 with value: 0.6385926008224487.                                                                 
[02/13/26 05:25:46] INFO     Starting trial 74                                                                                        
[02/13/26 05:38:54] INFO     VAE training completed for trial 74 with loss 0.6409, recon_loss 0.6398, kl_loss 0.9871                  
                    INFO     Trial 74 finished with value: 0.6397907733917236 and parameters: {'final_kl_weight':                     
                             0.005627235701667642, 'latent_dim': 4, 'final_cap': 2.7, 'start_gumbel_temp': 3.5023004692279587}. Best  
                             is trial 49 with value: 0.6385926008224487.                                                              
                    INFO     Starting trial 75                                                                                        
[02/13/26 05:45:35] INFO     Trial 75 pruned. Pruned at epoch 50.                                                                     
                    INFO     Starting trial 76                                                                                        
[02/13/26 05:58:43] INFO     VAE training completed for trial 76 with loss 0.6407, recon_loss 0.6399, kl_loss 0.8717                  
                    INFO     Trial 76 finished with value: 0.639917254447937 and parameters: {'final_kl_weight': 0.005574846739321459,
                             'latent_dim': 4, 'final_cap': 3.1, 'start_gumbel_temp': 2.6574733506488073}. Best is trial 49 with value:
                             0.6385926008224487.                                                                                      
                    INFO     Starting trial 77                                                                                        
[02/13/26 06:11:54] INFO     VAE training completed for trial 77 with loss 0.6425, recon_loss 0.6403, kl_loss 1.1733                  
                    INFO     Trial 77 finished with value: 0.6403467655181885 and parameters: {'final_kl_weight':                     
                             0.010402547191087097, 'latent_dim': 6, 'final_cap': 2.5, 'start_gumbel_temp': 2.757449129085471}. Best is
                             trial 49 with value: 0.6385926008224487.                                                                 
                    INFO     Starting trial 78                                                                                        
[02/13/26 06:18:36] INFO     Trial 78 pruned. Pruned at epoch 50.                                                                     
                    INFO     Starting trial 79                                                                                        
[02/13/26 06:25:19] INFO     Trial 79 pruned. Pruned at epoch 50.                                                                     
                    INFO     Starting trial 80                                                                                        
[02/13/26 06:32:00] INFO     Trial 80 pruned. Pruned at epoch 50.                                                                     
                    INFO     Starting trial 81                                                                                        
[02/13/26 06:38:42] INFO     Trial 81 pruned. Pruned at epoch 50.                                                                     
                    INFO     Starting trial 82                                                                                        
[02/13/26 06:45:27] INFO     Trial 82 pruned. Pruned at epoch 50.                                                                     
                    INFO     Starting trial 83                                                                                        
[02/13/26 06:58:36] INFO     VAE training completed for trial 83 with loss 0.6397, recon_loss 0.6390, kl_loss 0.8790                  
                    INFO     Trial 83 finished with value: 0.6389701962471008 and parameters: {'final_kl_weight':                     
                             0.0050535846965475886, 'latent_dim': 4, 'final_cap': 3.9, 'start_gumbel_temp': 2.412255612354589}. Best  
                             is trial 49 with value: 0.6385926008224487.                                                              
                    INFO     Starting trial 84                                                                                        
[02/13/26 07:11:40] INFO     VAE training completed for trial 84 with loss 0.6396, recon_loss 0.6390, kl_loss 0.8717                  
                    INFO     Trial 84 finished with value: 0.639003574848175 and parameters: {'final_kl_weight': 0.005507754963762203,
                             'latent_dim': 4, 'final_cap': 3.9, 'start_gumbel_temp': 2.4372205233985835}. Best is trial 49 with value:
                             0.6385926008224487.                                                                                      
                    INFO     Starting trial 85                                                                                        
[02/13/26 07:18:20] INFO     Trial 85 pruned. Pruned at epoch 50.                                                                     
[02/13/26 07:18:21] INFO     Starting trial 86                                                                                        
[02/13/26 07:31:24] INFO     VAE training completed for trial 86 with loss 0.6398, recon_loss 0.6394, kl_loss 0.6039                  
                    INFO     Trial 86 finished with value: 0.6393709778785706 and parameters: {'final_kl_weight':                     
                             0.005756160161912744, 'latent_dim': 3, 'final_cap': 3.9, 'start_gumbel_temp': 2.429153887795297}. Best is
                             trial 49 with value: 0.6385926008224487.                                                                 
                    INFO     Starting trial 87                                                                                        
[02/13/26 07:44:33] INFO     VAE training completed for trial 87 with loss 0.6404, recon_loss 0.6400, kl_loss 0.5067                  
                    INFO     Trial 87 finished with value: 0.6400002837181091 and parameters: {'final_kl_weight':                     
                             0.013338767560202129, 'latent_dim': 3, 'final_cap': 3.9, 'start_gumbel_temp': 2.457924177731199}. Best is
                             trial 49 with value: 0.6385926008224487.                                                                 
                    INFO     Starting trial 88                                                                                        
[02/13/26 07:51:13] INFO     Trial 88 pruned. Pruned at epoch 50.                                                                     
                    INFO     Starting trial 89                                                                                        
[02/13/26 07:57:54] INFO     Trial 89 pruned. Pruned at epoch 50.                                                                     
                    INFO     Starting trial 90                                                                                        
[02/13/26 08:04:35] INFO     Trial 90 pruned. Pruned at epoch 50.                                                                     
                    INFO     Starting trial 91                                                                                        
