[02/13/26 08:11:18] INFO     Trial 91 pruned. Pruned at epoch 50.                                                                     
                    INFO     Starting trial 92                                                                                        
[02/13/26 08:24:22] INFO     VAE training completed for trial 92 with loss 0.6398, recon_loss 0.6392, kl_loss 0.8339                  
                    INFO     Trial 92 finished with value: 0.6391947269439697 and parameters: {'final_kl_weight':                     
                             0.005611120958907033, 'latent_dim': 4, 'final_cap': 3.7, 'start_gumbel_temp': 2.2941113580291668}. Best  
                             is trial 49 with value: 0.6385926008224487.                                                              
                    INFO     Starting trial 93                                                                                        
[02/13/26 08:37:30] INFO     VAE training completed for trial 93 with loss 0.6403, recon_loss 0.6398, kl_loss 0.8115                  
                    INFO     Trial 93 finished with value: 0.6397684216499329 and parameters: {'final_kl_weight': 0.00553419543590416,
                             'latent_dim': 4, 'final_cap': 3.5, 'start_gumbel_temp': 2.281890319654706}. Best is trial 49 with value: 
                             0.6385926008224487.                                                                                      
                    INFO     Starting trial 94                                                                                        
[02/13/26 08:50:36] INFO     VAE training completed for trial 94 with loss 0.6412, recon_loss 0.6406, kl_loss 0.7231                  
                    INFO     Trial 94 finished with value: 0.6405999660491943 and parameters: {'final_kl_weight':                     
                             0.007111845518000635, 'latent_dim': 3, 'final_cap': 3.7, 'start_gumbel_temp': 2.4981086783576503}. Best  
                             is trial 49 with value: 0.6385926008224487.                                                              
[02/13/26 08:50:37] INFO     Starting trial 95                                                                                        
[02/13/26 09:03:46] INFO     VAE training completed for trial 95 with loss 0.6398, recon_loss 0.6391, kl_loss 0.8126                  
                    INFO     Trial 95 finished with value: 0.6390589475631714 and parameters: {'final_kl_weight':                     
                             0.006606735908678629, 'latent_dim': 4, 'final_cap': 3.9, 'start_gumbel_temp': 2.3876409214092607}. Best  
                             is trial 49 with value: 0.6385926008224487.                                                              
                    INFO     Starting trial 96                                                                                        
[02/13/26 09:17:46] INFO     VAE training completed for trial 96 with loss 0.6424, recon_loss 0.6412, kl_loss 0.8696                  
                    INFO     Trial 96 finished with value: 0.6412228345870972 and parameters: {'final_kl_weight':                     
                             0.008270193997285097, 'latent_dim': 4, 'final_cap': 1.9000000000000001, 'start_gumbel_temp':             
                             2.6395343740951223}. Best is trial 49 with value: 0.6385926008224487.                                    
[02/13/26 09:17:47] INFO     Starting trial 97                                                                                        
[02/13/26 09:24:29] INFO     Trial 97 pruned. Pruned at epoch 50.                                                                     
                    INFO     Starting trial 98                                                                                        
[02/13/26 09:31:11] INFO     Trial 98 pruned. Pruned at epoch 50.                                                                     
                    INFO     Starting trial 99                                                                                        
[02/13/26 09:38:27] INFO     Trial 99 pruned. Pruned at epoch 50.                                                                     
                    INFO     Study done with 100 trials: 51 pruned, 49 complete.                                                      
                    INFO     Best trial #49: value=0.6386, params={'final_kl_weight': 0.005095576670750755, 'latent_dim': 6,          
                             'final_cap': 3.5, 'start_gumbel_temp': 2.3822288138934518}                                               
