[02/12/26 17:07:37] INFO     Loading datasets from dataset/S1                                                                         
[02/12/26 17:08:33] INFO     Datasets loaded with 99912 training samples and 42312 testing samples                                    
[02/12/26 17:08:44] INFO     A new study created in memory with name: a1_w75_tw225_b512                                               
[Gloo] Rank 2 is connected to 2 peer ranks. Expected number of connected peer ranks is : 2
[Gloo] Rank 0 is connected to 2 peer ranks. Expected number of connected peer ranks is : 2
[Gloo] Rank 1 is connected to 2 peer ranks. Expected number of connected peer ranks is : 2
                    INFO     Starting trial 0                                                                                         
[02/12/26 17:15:19] INFO     Trial 0 pruned. Pruned at epoch 50.                                                                      
                    INFO     Starting trial 1                                                                                         
[02/12/26 17:28:17] INFO     VAE training completed for trial 1 with loss 0.6474, recon_loss 0.6462, kl_loss 0.3485                   
                    INFO     Trial 1 finished with value: 0.6462181806564331 and parameters: {'final_kl_weight': 0.01025669131543725, 
                             'latent_dim': 1, 'final_cap': 0.7, 'start_gumbel_temp': 4.598528437324806}. Best is trial 1 with value:  
                             0.6462181806564331.                                                                                      
                    INFO     Starting trial 2                                                                                         
[02/12/26 17:34:54] INFO     Trial 2 pruned. Pruned at epoch 50.                                                                      
[02/12/26 17:34:55] INFO     Starting trial 3                                                                                         
[02/12/26 17:47:51] INFO     VAE training completed for trial 3 with loss 0.6492, recon_loss 0.6492, kl_loss 0.2508                   
                    INFO     Trial 3 finished with value: 0.6491749286651611 and parameters: {'final_kl_weight': 0.2311294500510414,  
                             'latent_dim': 2, 'final_cap': 1.1, 'start_gumbel_temp': 2.5502135295603017}. Best is trial 1 with value: 
                             0.6462181806564331.                                                                                      
                    INFO     Starting trial 4                                                                                         
[02/12/26 17:54:30] INFO     Trial 4 pruned. Pruned at epoch 50.                                                                      
                    INFO     Starting trial 5                                                                                         
[02/12/26 18:01:07] INFO     Trial 5 pruned. Pruned at epoch 50.                                                                      
                    INFO     Starting trial 6                                                                                         
[02/12/26 18:14:05] INFO     VAE training completed for trial 6 with loss 0.6475, recon_loss 0.6454, kl_loss 0.7144                   
                    INFO     Trial 6 finished with value: 0.6454199552536011 and parameters: {'final_kl_weight': 0.040842279473800806,
                             'latent_dim': 5, 'final_cap': 1.1, 'start_gumbel_temp': 3.5427033152408347}. Best is trial 6 with value: 
                             0.6454199552536011.                                                                                      
[02/12/26 18:14:06] INFO     Starting trial 7                                                                                         
[02/12/26 18:27:05] INFO     VAE training completed for trial 7 with loss 0.6453, recon_loss 0.6453, kl_loss 0.1234                   
                    INFO     Trial 7 finished with value: 0.6452746987342834 and parameters: {'final_kl_weight': 0.0765242606091573,  
                             'latent_dim': 1, 'final_cap': 2.5, 'start_gumbel_temp': 2.5115723710618747}. Best is trial 7 with value: 
                             0.6452746987342834.                                                                                      
                    INFO     Starting trial 8                                                                                         
[02/12/26 18:40:03] INFO     VAE training completed for trial 8 with loss 0.6405, recon_loss 0.6389, kl_loss 1.3566                   
                    INFO     Trial 8 finished with value: 0.6388880610466003 and parameters: {'final_kl_weight': 0.006746417134006626,
                             'latent_dim': 6, 'final_cap': 3.9, 'start_gumbel_temp': 4.425192044349384}. Best is trial 8 with value:  
                             0.6388880610466003.                                                                                      
                    INFO     Starting trial 9                                                                                         
[02/12/26 18:53:03] INFO     VAE training completed for trial 9 with loss 0.6440, recon_loss 0.6438, kl_loss 0.1774                   
                    INFO     Trial 9 finished with value: 0.6437798142433167 and parameters: {'final_kl_weight': 0.020332816567573974,
                             'latent_dim': 1, 'final_cap': 2.9000000000000004, 'start_gumbel_temp': 3.3204574812188037}. Best is trial
                             8 with value: 0.6388880610466003.                                                                        
                    INFO     Starting trial 10                                                                                        
[02/12/26 19:06:02] INFO     VAE training completed for trial 10 with loss 0.6427, recon_loss 0.6414, kl_loss 0.9902                  
                    INFO     Trial 10 finished with value: 0.6414135098457336 and parameters: {'final_kl_weight':                     
                             0.005496213872944547, 'latent_dim': 3, 'final_cap': 3.9, 'start_gumbel_temp': 4.128919539143555}. Best is
                             trial 8 with value: 0.6388880610466003.                                                                  
                    INFO     Starting trial 11                                                                                        
[02/12/26 19:19:02] INFO     VAE training completed for trial 11 with loss 0.6400, recon_loss 0.6396, kl_loss 0.6825                  
                    INFO     Trial 11 finished with value: 0.6395982503890991 and parameters: {'final_kl_weight':                     
                             0.005346280669658457, 'latent_dim': 3, 'final_cap': 3.9, 'start_gumbel_temp': 4.283204974570617}. Best is
                             trial 8 with value: 0.6388880610466003.                                                                  
[02/12/26 19:19:03] INFO     Starting trial 12                                                                                        
[02/12/26 19:25:40] INFO     Trial 12 pruned. Pruned at epoch 50.                                                                     
[02/12/26 19:25:41] INFO     Starting trial 13                                                                                        
[02/12/26 19:32:21] INFO     Trial 13 pruned. Pruned at epoch 50.                                                                     
                    INFO     Starting trial 14                                                                                        
[02/12/26 19:45:30] INFO     VAE training completed for trial 14 with loss 0.6411, recon_loss 0.6402, kl_loss 0.7959                  
                    INFO     Trial 14 finished with value: 0.6401914954185486 and parameters: {'final_kl_weight':                     
                             0.010449071485045635, 'latent_dim': 4, 'final_cap': 3.5, 'start_gumbel_temp': 4.566188586056605}. Best is
                             trial 8 with value: 0.6388880610466003.                                                                  
                    INFO     Starting trial 15                                                                                        
[02/12/26 19:52:12] INFO     Trial 15 pruned. Pruned at epoch 50.                                                                     
                    INFO     Starting trial 16                                                                                        
[02/12/26 20:05:21] INFO     VAE training completed for trial 16 with loss 0.6404, recon_loss 0.6398, kl_loss 0.8044                  
                    INFO     Trial 16 finished with value: 0.6398448944091797 and parameters: {'final_kl_weight':                     
                             0.005357697058118152, 'latent_dim': 3, 'final_cap': 3.7, 'start_gumbel_temp': 3.774409886984679}. Best is
                             trial 8 with value: 0.6388880610466003.                                                                  
                    INFO     Starting trial 17                                                                                        
[02/12/26 20:12:05] INFO     Trial 17 pruned. Pruned at epoch 50.                                                                     
[02/12/26 20:12:06] INFO     Starting trial 18                                                                                        
[02/12/26 20:25:17] INFO     VAE training completed for trial 18 with loss 0.6408, recon_loss 0.6399, kl_loss 0.8796                  
                    INFO     Trial 18 finished with value: 0.6398563385009766 and parameters: {'final_kl_weight':                     
                             0.007612830987892686, 'latent_dim': 4, 'final_cap': 3.5, 'start_gumbel_temp': 4.991972222841469}. Best is
                             trial 8 with value: 0.6388880610466003.                                                                  
                    INFO     Starting trial 19                                                                                        
[02/12/26 20:32:08] INFO     Trial 19 pruned. Pruned at epoch 50.                                                                     
                    INFO     Starting trial 20                                                                                        
[02/12/26 20:39:04] INFO     Trial 20 pruned. Pruned at epoch 50.                                                                     
                    INFO     Starting trial 21                                                                                        
[02/12/26 20:52:31] INFO     VAE training completed for trial 21 with loss 0.6458, recon_loss 0.6442, kl_loss 1.0997                  
                    INFO     Trial 21 finished with value: 0.6441617608070374 and parameters: {'final_kl_weight':                     
                             0.0059501352606461675, 'latent_dim': 3, 'final_cap': 3.9, 'start_gumbel_temp': 3.7336837732933166}. Best 
                             is trial 8 with value: 0.6388880610466003.                                                               
                    INFO     Starting trial 22                                                                                        
[02/12/26 21:06:00] INFO     VAE training completed for trial 22 with loss 0.6411, recon_loss 0.6406, kl_loss 0.6014                  
                    INFO     Trial 22 finished with value: 0.6406413316726685 and parameters: {'final_kl_weight':                     
                             0.007946262562861031, 'latent_dim': 3, 'final_cap': 3.5, 'start_gumbel_temp': 3.4779006259872283}. Best  
                             is trial 8 with value: 0.6388880610466003.                                                               
                    INFO     Starting trial 23                                                                                        
[02/12/26 21:19:56] INFO     VAE training completed for trial 23 with loss 0.6399, recon_loss 0.6393, kl_loss 0.8401                  
                    INFO     Trial 23 finished with value: 0.6392883062362671 and parameters: {'final_kl_weight':                     
                             0.005123722195680387, 'latent_dim': 4, 'final_cap': 3.7, 'start_gumbel_temp': 2.0627406994502113}. Best  
                             is trial 8 with value: 0.6388880610466003.                                                               
                    INFO     Starting trial 24                                                                                        
[02/12/26 21:26:55] INFO     Trial 24 pruned. Pruned at epoch 50.                                                                     
                    INFO     Starting trial 25                                                                                        
[02/12/26 21:40:06] INFO     VAE training completed for trial 25 with loss 0.6401, recon_loss 0.6396, kl_loss 0.7631                  
                    INFO     Trial 25 finished with value: 0.6395726203918457 and parameters: {'final_kl_weight':                     
                             0.008220221572315596, 'latent_dim': 4, 'final_cap': 3.7, 'start_gumbel_temp': 2.911649018837737}. Best is
                             trial 8 with value: 0.6388880610466003.                                                                  
                    INFO     Starting trial 26                                                                                        
[02/12/26 21:46:53] INFO     Trial 26 pruned. Pruned at epoch 50.                                                                     
                    INFO     Starting trial 27                                                                                        
[02/12/26 21:53:40] INFO     Trial 27 pruned. Pruned at epoch 50.                                                                     
                    INFO     Starting trial 28                                                                                        
[02/12/26 22:00:23] INFO     Trial 28 pruned. Pruned at epoch 50.                                                                     
                    INFO     Starting trial 29                                                                                        
[02/12/26 22:07:14] INFO     Trial 29 pruned. Pruned at epoch 50.                                                                     
                    INFO     Starting trial 30                                                                                        
[02/12/26 22:14:42] INFO     Trial 30 pruned. Pruned at epoch 50.                                                                     
                    INFO     Starting trial 31                                                                                        
[02/12/26 22:28:34] INFO     VAE training completed for trial 31 with loss 0.6405, recon_loss 0.6398, kl_loss 0.8106                  
                    INFO     Trial 31 finished with value: 0.6397780179977417 and parameters: {'final_kl_weight':                     
                             0.007020372954907118, 'latent_dim': 4, 'final_cap': 3.7, 'start_gumbel_temp': 2.6125489590811863}. Best  
                             is trial 8 with value: 0.6388880610466003.                                                               
                    INFO     Starting trial 32                                                                                        
[02/12/26 22:35:16] INFO     Trial 32 pruned. Pruned at epoch 50.                                                                     
                    INFO     Starting trial 33                                                                                        
[02/12/26 22:48:38] INFO     VAE training completed for trial 33 with loss 0.6420, recon_loss 0.6406, kl_loss 1.0692                  
                    INFO     Trial 33 finished with value: 0.6405839920043945 and parameters: {'final_kl_weight':                     
                             0.009851281374645679, 'latent_dim': 5, 'final_cap': 3.7, 'start_gumbel_temp': 4.710526705672427}. Best is
                             trial 8 with value: 0.6388880610466003.                                                                  
                    INFO     Starting trial 34                                                                                        
[02/12/26 22:55:39] INFO     Trial 34 pruned. Pruned at epoch 50.                                                                     
[02/12/26 22:55:40] INFO     Starting trial 35                                                                                        
[02/12/26 23:02:27] INFO     Trial 35 pruned. Pruned at epoch 50.                                                                     
                    INFO     Starting trial 36                                                                                        
[02/12/26 23:09:07] INFO     Trial 36 pruned. Pruned at epoch 50.                                                                     
                    INFO     Starting trial 37                                                                                        
[02/12/26 23:15:50] INFO     Trial 37 pruned. Pruned at epoch 50.                                                                     
                    INFO     Starting trial 38                                                                                        
[02/12/26 23:22:31] INFO     Trial 38 pruned. Pruned at epoch 50.                                                                     
                    INFO     Starting trial 39                                                                                        
[02/12/26 23:35:39] INFO     VAE training completed for trial 39 with loss 0.6426, recon_loss 0.6414, kl_loss 0.8126                  
                    INFO     Trial 39 finished with value: 0.6413654088973999 and parameters: {'final_kl_weight':                     
                             0.013402673117740902, 'latent_dim': 4, 'final_cap': 2.7, 'start_gumbel_temp': 4.810390291558541}. Best is
                             trial 8 with value: 0.6388880610466003.                                                                  
                    INFO     Starting trial 40                                                                                        
[02/12/26 23:48:48] INFO     VAE training completed for trial 40 with loss 0.6486, recon_loss 0.6485, kl_loss 0.5743                  
                    INFO     Trial 40 finished with value: 0.6485263109207153 and parameters: {'final_kl_weight': 0.49837581457025476,
                             'latent_dim': 5, 'final_cap': 3.7, 'start_gumbel_temp': 3.0420211379140922}. Best is trial 8 with value: 
                             0.6388880610466003.                                                                                      
                    INFO     Starting trial 41                                                                                        
[02/13/26 00:01:55] INFO     VAE training completed for trial 41 with loss 0.6402, recon_loss 0.6395, kl_loss 0.8877                  
                    INFO     Trial 41 finished with value: 0.6395353674888611 and parameters: {'final_kl_weight': 0.00507257929012721,
                             'latent_dim': 4, 'final_cap': 3.7, 'start_gumbel_temp': 2.7434415451577703}. Best is trial 8 with value: 
                             0.6388880610466003.                                                                                      
                    INFO     Starting trial 42                                                                                        
[02/13/26 00:15:02] INFO     VAE training completed for trial 42 with loss 0.6400, recon_loss 0.6392, kl_loss 0.9176                  
                    INFO     Trial 42 finished with value: 0.639171838760376 and parameters: {'final_kl_weight': 0.005136426654368823,
                             'latent_dim': 4, 'final_cap': 3.5, 'start_gumbel_temp': 2.4469203852001615}. Best is trial 8 with value: 
                             0.6388880610466003.                                                                                      
                    INFO     Starting trial 43                                                                                        
[02/13/26 00:21:45] INFO     Trial 43 pruned. Pruned at epoch 50.                                                                     
                    INFO     Starting trial 44                                                                                        
[02/13/26 00:34:51] INFO     VAE training completed for trial 44 with loss 0.6408, recon_loss 0.6400, kl_loss 0.9234                  
